{"C:\\Users\\llewe\\Documents\\web\\projects\\mtb-races\\mtb-races-backend\\src\\config.ts": {"path":"C:\\Users\\llewe\\Documents\\web\\projects\\mtb-races\\mtb-races-backend\\src\\config.ts","all":false,"statementMap":{"0":{"start":{"line":1,"column":0},"end":{"line":1,"column":24}},"2":{"start":{"line":3,"column":0},"end":{"line":3,"column":71}},"3":{"start":{"line":4,"column":0},"end":{"line":4,"column":29}},"5":{"start":{"line":6,"column":0},"end":{"line":6,"column":31}},"6":{"start":{"line":7,"column":0},"end":{"line":7,"column":26}},"7":{"start":{"line":8,"column":0},"end":{"line":8,"column":37}},"8":{"start":{"line":9,"column":0},"end":{"line":9,"column":29}},"9":{"start":{"line":10,"column":0},"end":{"line":10,"column":3}},"11":{"start":{"line":12,"column":0},"end":{"line":12,"column":54}}},"s":{"0":1,"2":1,"3":1,"5":1,"6":1,"7":1,"8":1,"9":1,"11":1},"branchMap":{"0":{"type":"branch","line":3,"loc":{"start":{"line":3,"column":50},"end":{"line":3,"column":71}},"locations":[{"start":{"line":3,"column":50},"end":{"line":3,"column":71}}]}},"b":{"0":[0]},"fnMap":{},"f":{}}
,"C:\\Users\\llewe\\Documents\\web\\projects\\mtb-races\\mtb-races-backend\\src\\router.ts": {"path":"C:\\Users\\llewe\\Documents\\web\\projects\\mtb-races\\mtb-races-backend\\src\\router.ts","all":false,"statementMap":{"0":{"start":{"line":1,"column":0},"end":{"line":1,"column":33}},"1":{"start":{"line":2,"column":0},"end":{"line":2,"column":52}},"3":{"start":{"line":4,"column":0},"end":{"line":4,"column":24}},"5":{"start":{"line":6,"column":0},"end":{"line":6,"column":34}},"7":{"start":{"line":8,"column":0},"end":{"line":8,"column":22}}},"s":{"0":1,"1":1,"3":1,"5":1,"7":1},"branchMap":{},"b":{},"fnMap":{},"f":{}}
,"C:\\Users\\llewe\\Documents\\web\\projects\\mtb-races\\mtb-races-backend\\src\\apps\\races\\races.api.ts": {"path":"C:\\Users\\llewe\\Documents\\web\\projects\\mtb-races\\mtb-races-backend\\src\\apps\\races\\races.api.ts","all":false,"statementMap":{"0":{"start":{"line":1,"column":0},"end":{"line":1,"column":33}},"1":{"start":{"line":2,"column":0},"end":{"line":2,"column":46}},"2":{"start":{"line":3,"column":0},"end":{"line":3,"column":53}},"3":{"start":{"line":4,"column":0},"end":{"line":4,"column":64}},"5":{"start":{"line":6,"column":0},"end":{"line":6,"column":29}},"7":{"start":{"line":8,"column":0},"end":{"line":8,"column":42}},"8":{"start":{"line":9,"column":0},"end":{"line":9,"column":32}},"9":{"start":{"line":10,"column":0},"end":{"line":10,"column":17}},"10":{"start":{"line":11,"column":0},"end":{"line":11,"column":24}},"11":{"start":{"line":12,"column":0},"end":{"line":12,"column":3}},"13":{"start":{"line":14,"column":0},"end":{"line":14,"column":60}},"14":{"start":{"line":15,"column":0},"end":{"line":15,"column":36}},"15":{"start":{"line":16,"column":0},"end":{"line":16,"column":31}},"16":{"start":{"line":17,"column":0},"end":{"line":17,"column":3}},"18":{"start":{"line":19,"column":0},"end":{"line":19,"column":27}}},"s":{"0":1,"1":1,"2":1,"3":1,"5":1,"7":1,"8":2,"9":2,"10":2,"11":2,"13":1,"14":1,"15":1,"16":1,"18":1},"branchMap":{"0":{"type":"branch","line":8,"loc":{"start":{"line":8,"column":21},"end":{"line":12,"column":3}},"locations":[{"start":{"line":8,"column":21},"end":{"line":12,"column":3}}]},"1":{"type":"branch","line":14,"loc":{"start":{"line":14,"column":39},"end":{"line":17,"column":3}},"locations":[{"start":{"line":14,"column":39},"end":{"line":17,"column":3}}]}},"b":{"0":[2],"1":[1]},"fnMap":{},"f":{}}
,"C:\\Users\\llewe\\Documents\\web\\projects\\mtb-races\\mtb-races-backend\\src\\apps\\races\\races.processor.ts": {"path":"C:\\Users\\llewe\\Documents\\web\\projects\\mtb-races\\mtb-races-backend\\src\\apps\\races\\races.processor.ts","all":false,"statementMap":{"0":{"start":{"line":1,"column":0},"end":{"line":1,"column":64}},"1":{"start":{"line":2,"column":0},"end":{"line":2,"column":8}},"7":{"start":{"line":8,"column":0},"end":{"line":8,"column":76}},"8":{"start":{"line":9,"column":0},"end":{"line":9,"column":49}},"10":{"start":{"line":11,"column":0},"end":{"line":11,"column":50}},"11":{"start":{"line":12,"column":0},"end":{"line":12,"column":36}},"12":{"start":{"line":13,"column":0},"end":{"line":13,"column":52}},"13":{"start":{"line":14,"column":0},"end":{"line":14,"column":39}},"14":{"start":{"line":15,"column":0},"end":{"line":15,"column":7}},"15":{"start":{"line":16,"column":0},"end":{"line":16,"column":23}},"16":{"start":{"line":17,"column":0},"end":{"line":17,"column":40}},"17":{"start":{"line":18,"column":0},"end":{"line":18,"column":41}},"18":{"start":{"line":19,"column":0},"end":{"line":19,"column":19}},"19":{"start":{"line":20,"column":0},"end":{"line":20,"column":48}},"20":{"start":{"line":21,"column":0},"end":{"line":21,"column":42}},"21":{"start":{"line":22,"column":0},"end":{"line":22,"column":3}},"22":{"start":{"line":23,"column":0},"end":{"line":23,"column":4}},"24":{"start":{"line":25,"column":0},"end":{"line":25,"column":53}},"25":{"start":{"line":26,"column":0},"end":{"line":26,"column":1}}},"s":{"0":1,"1":1,"7":1,"8":1,"10":6,"11":6,"12":4,"13":5,"14":5,"15":5,"16":2,"17":2,"18":5,"19":3,"20":3,"21":3,"22":4,"24":4,"25":4},"branchMap":{"0":{"type":"branch","line":11,"loc":{"start":{"line":11,"column":0},"end":{"line":26,"column":1}},"locations":[{"start":{"line":11,"column":0},"end":{"line":26,"column":1}}]},"1":{"type":"branch","line":12,"loc":{"start":{"line":12,"column":34},"end":{"line":26,"column":1}},"locations":[{"start":{"line":12,"column":34},"end":{"line":26,"column":1}}]},"2":{"type":"branch","line":13,"loc":{"start":{"line":13,"column":34},"end":{"line":23,"column":2}},"locations":[{"start":{"line":13,"column":34},"end":{"line":23,"column":2}}]},"3":{"type":"branch","line":16,"loc":{"start":{"line":16,"column":21},"end":{"line":19,"column":11}},"locations":[{"start":{"line":16,"column":21},"end":{"line":19,"column":11}}]},"4":{"type":"branch","line":19,"loc":{"start":{"line":19,"column":2},"end":{"line":22,"column":3}},"locations":[{"start":{"line":19,"column":2},"end":{"line":22,"column":3}}]}},"b":{"0":[6],"1":[4],"2":[5],"3":[2],"4":[3]},"fnMap":{"0":{"name":"SiEntriesScrapeProcessor","decl":{"start":{"line":11,"column":0},"end":{"line":26,"column":1}},"loc":{"start":{"line":11,"column":0},"end":{"line":26,"column":1}},"line":11}},"f":{"0":6}}
,"C:\\Users\\llewe\\Documents\\web\\projects\\mtb-races\\mtb-races-backend\\src\\apps\\races\\races.service.ts": {"path":"C:\\Users\\llewe\\Documents\\web\\projects\\mtb-races\\mtb-races-backend\\src\\apps\\races\\races.service.ts","all":false,"statementMap":{"0":{"start":{"line":1,"column":0},"end":{"line":1,"column":86}},"1":{"start":{"line":2,"column":0},"end":{"line":2,"column":39}},"2":{"start":{"line":3,"column":0},"end":{"line":3,"column":55}},"3":{"start":{"line":4,"column":0},"end":{"line":4,"column":40}},"5":{"start":{"line":6,"column":0},"end":{"line":6,"column":55}},"6":{"start":{"line":7,"column":0},"end":{"line":7,"column":28}},"7":{"start":{"line":8,"column":0},"end":{"line":8,"column":2}},"9":{"start":{"line":10,"column":0},"end":{"line":10,"column":55}},"10":{"start":{"line":11,"column":0},"end":{"line":11,"column":39}},"12":{"start":{"line":13,"column":0},"end":{"line":13,"column":9}},"13":{"start":{"line":14,"column":0},"end":{"line":14,"column":21}},"14":{"start":{"line":15,"column":0},"end":{"line":15,"column":16}},"15":{"start":{"line":16,"column":0},"end":{"line":16,"column":23}},"16":{"start":{"line":17,"column":0},"end":{"line":17,"column":31}},"17":{"start":{"line":18,"column":0},"end":{"line":18,"column":9}},"18":{"start":{"line":19,"column":0},"end":{"line":19,"column":29}},"19":{"start":{"line":20,"column":0},"end":{"line":20,"column":37}},"20":{"start":{"line":21,"column":0},"end":{"line":21,"column":42}},"21":{"start":{"line":22,"column":0},"end":{"line":22,"column":5}},"22":{"start":{"line":23,"column":0},"end":{"line":23,"column":5}},"23":{"start":{"line":24,"column":0},"end":{"line":24,"column":2}},"25":{"start":{"line":26,"column":0},"end":{"line":26,"column":30}},"26":{"start":{"line":27,"column":0},"end":{"line":27,"column":74}},"27":{"start":{"line":28,"column":0},"end":{"line":28,"column":1}}},"s":{"0":1,"1":1,"2":1,"3":1,"5":1,"6":2,"7":2,"9":1,"10":5,"12":2,"13":2,"14":2,"15":2,"16":2,"17":2,"18":2,"19":2,"20":2,"21":2,"22":2,"23":2,"25":2,"26":2,"27":2},"branchMap":{"0":{"type":"branch","line":6,"loc":{"start":{"line":6,"column":24},"end":{"line":8,"column":2}},"locations":[{"start":{"line":6,"column":24},"end":{"line":8,"column":2}}]},"1":{"type":"branch","line":10,"loc":{"start":{"line":10,"column":27},"end":{"line":24,"column":2}},"locations":[{"start":{"line":10,"column":27},"end":{"line":24,"column":2}}]},"2":{"type":"branch","line":11,"loc":{"start":{"line":11,"column":37},"end":{"line":24,"column":2}},"locations":[{"start":{"line":11,"column":37},"end":{"line":24,"column":2}}]},"3":{"type":"branch","line":26,"loc":{"start":{"line":26,"column":0},"end":{"line":28,"column":1}},"locations":[{"start":{"line":26,"column":0},"end":{"line":28,"column":1}}]}},"b":{"0":[2],"1":[5],"2":[2],"3":[2]},"fnMap":{"0":{"name":"getRaces","decl":{"start":{"line":6,"column":24},"end":{"line":8,"column":2}},"loc":{"start":{"line":6,"column":24},"end":{"line":8,"column":2}},"line":6},"1":{"name":"scrapeRaces","decl":{"start":{"line":10,"column":27},"end":{"line":24,"column":2}},"loc":{"start":{"line":10,"column":27},"end":{"line":24,"column":2}},"line":10},"2":{"name":"getAllRaces","decl":{"start":{"line":26,"column":0},"end":{"line":28,"column":1}},"loc":{"start":{"line":26,"column":0},"end":{"line":28,"column":1}},"line":26}},"f":{"0":2,"1":5,"2":2}}
,"C:\\Users\\llewe\\Documents\\web\\projects\\mtb-races\\mtb-races-backend\\src\\apps\\revalidate\\revalidate.service.ts": {"path":"C:\\Users\\llewe\\Documents\\web\\projects\\mtb-races\\mtb-races-backend\\src\\apps\\revalidate\\revalidate.service.ts","all":false,"statementMap":{"0":{"start":{"line":1,"column":0},"end":{"line":1,"column":41}},"2":{"start":{"line":3,"column":0},"end":{"line":3,"column":73}},"3":{"start":{"line":4,"column":0},"end":{"line":4,"column":6}},"4":{"start":{"line":5,"column":0},"end":{"line":5,"column":61}},"5":{"start":{"line":6,"column":0},"end":{"line":6,"column":18}},"6":{"start":{"line":7,"column":0},"end":{"line":7,"column":13}},"7":{"start":{"line":8,"column":0},"end":{"line":8,"column":39}},"8":{"start":{"line":9,"column":0},"end":{"line":9,"column":5}},"9":{"start":{"line":10,"column":0},"end":{"line":10,"column":25}},"10":{"start":{"line":11,"column":0},"end":{"line":11,"column":8}},"11":{"start":{"line":12,"column":0},"end":{"line":12,"column":6}},"12":{"start":{"line":13,"column":0},"end":{"line":13,"column":5}},"13":{"start":{"line":14,"column":0},"end":{"line":14,"column":18}},"14":{"start":{"line":15,"column":0},"end":{"line":15,"column":63}},"15":{"start":{"line":16,"column":0},"end":{"line":16,"column":2}},"16":{"start":{"line":17,"column":0},"end":{"line":17,"column":1}}},"s":{"0":1,"2":2,"3":2,"4":2,"5":2,"6":2,"7":2,"8":2,"9":2,"10":2,"11":2,"12":2,"13":2,"14":2,"15":2,"16":2},"branchMap":{"0":{"type":"branch","line":3,"loc":{"start":{"line":3,"column":0},"end":{"line":17,"column":1}},"locations":[{"start":{"line":3,"column":0},"end":{"line":17,"column":1}}]},"1":{"type":"branch","line":13,"loc":{"start":{"line":13,"column":3},"end":{"line":14,"column":10}},"locations":[{"start":{"line":13,"column":3},"end":{"line":14,"column":10}}]}},"b":{"0":[2],"1":[0]},"fnMap":{"0":{"name":"revalidateFrontendTag","decl":{"start":{"line":3,"column":0},"end":{"line":17,"column":1}},"loc":{"start":{"line":3,"column":0},"end":{"line":17,"column":1}},"line":3}},"f":{"0":2}}
,"C:\\Users\\llewe\\Documents\\web\\projects\\mtb-races\\mtb-races-backend\\src\\constants\\queueNames.ts": {"path":"C:\\Users\\llewe\\Documents\\web\\projects\\mtb-races\\mtb-races-backend\\src\\constants\\queueNames.ts","all":false,"statementMap":{"0":{"start":{"line":1,"column":0},"end":{"line":1,"column":50}}},"s":{"0":1},"branchMap":{},"b":{},"fnMap":{},"f":{}}
,"C:\\Users\\llewe\\Documents\\web\\projects\\mtb-races\\mtb-races-backend\\src\\constants\\sourceUrls.ts": {"path":"C:\\Users\\llewe\\Documents\\web\\projects\\mtb-races\\mtb-races-backend\\src\\constants\\sourceUrls.ts","all":false,"statementMap":{"0":{"start":{"line":1,"column":0},"end":{"line":1,"column":33}},"1":{"start":{"line":2,"column":0},"end":{"line":2,"column":81}}},"s":{"0":1,"1":1},"branchMap":{},"b":{},"fnMap":{},"f":{}}
,"C:\\Users\\llewe\\Documents\\web\\projects\\mtb-races\\mtb-races-backend\\src\\db\\index.ts": {"path":"C:\\Users\\llewe\\Documents\\web\\projects\\mtb-races\\mtb-races-backend\\src\\db\\index.ts","all":false,"statementMap":{"0":{"start":{"line":1,"column":0},"end":{"line":1,"column":52}},"2":{"start":{"line":3,"column":0},"end":{"line":3,"column":38}},"4":{"start":{"line":5,"column":0},"end":{"line":5,"column":42}},"6":{"start":{"line":7,"column":0},"end":{"line":7,"column":26}},"7":{"start":{"line":8,"column":0},"end":{"line":8,"column":6}},"8":{"start":{"line":9,"column":0},"end":{"line":9,"column":37}},"9":{"start":{"line":10,"column":0},"end":{"line":10,"column":60}},"10":{"start":{"line":11,"column":0},"end":{"line":11,"column":49}},"11":{"start":{"line":12,"column":0},"end":{"line":12,"column":18}},"12":{"start":{"line":13,"column":0},"end":{"line":13,"column":49}},"13":{"start":{"line":14,"column":0},"end":{"line":14,"column":2}},"14":{"start":{"line":15,"column":0},"end":{"line":15,"column":1}}},"s":{"0":1,"2":1,"4":1,"6":1,"7":8,"8":8,"9":8,"10":8,"11":8,"12":1,"13":1,"14":8},"branchMap":{"0":{"type":"branch","line":7,"loc":{"start":{"line":7,"column":7},"end":{"line":15,"column":1}},"locations":[{"start":{"line":7,"column":7},"end":{"line":15,"column":1}}]},"1":{"type":"branch","line":12,"loc":{"start":{"line":12,"column":1},"end":{"line":14,"column":2}},"locations":[{"start":{"line":12,"column":1},"end":{"line":14,"column":2}}]}},"b":{"0":[8],"1":[1]},"fnMap":{"0":{"name":"initDb","decl":{"start":{"line":7,"column":7},"end":{"line":15,"column":1}},"loc":{"start":{"line":7,"column":7},"end":{"line":15,"column":1}},"line":7}},"f":{"0":8}}
,"C:\\Users\\llewe\\Documents\\web\\projects\\mtb-races\\mtb-races-backend\\src\\db\\schema.ts": {"path":"C:\\Users\\llewe\\Documents\\web\\projects\\mtb-races\\mtb-races-backend\\src\\db\\schema.ts","all":false,"statementMap":{"0":{"start":{"line":1,"column":0},"end":{"line":1,"column":8}},"8":{"start":{"line":9,"column":0},"end":{"line":9,"column":55}},"9":{"start":{"line":10,"column":0},"end":{"line":10,"column":51}},"11":{"start":{"line":12,"column":0},"end":{"line":12,"column":61}},"12":{"start":{"line":13,"column":0},"end":{"line":13,"column":54}},"14":{"start":{"line":15,"column":0},"end":{"line":15,"column":44}},"15":{"start":{"line":16,"column":0},"end":{"line":16,"column":59}},"16":{"start":{"line":17,"column":0},"end":{"line":17,"column":42}},"17":{"start":{"line":18,"column":0},"end":{"line":18,"column":23}},"18":{"start":{"line":19,"column":0},"end":{"line":19,"column":36}},"19":{"start":{"line":20,"column":0},"end":{"line":20,"column":38}},"20":{"start":{"line":21,"column":0},"end":{"line":21,"column":24}},"21":{"start":{"line":22,"column":0},"end":{"line":22,"column":55}},"22":{"start":{"line":23,"column":0},"end":{"line":23,"column":23}},"23":{"start":{"line":24,"column":0},"end":{"line":24,"column":47}},"24":{"start":{"line":25,"column":0},"end":{"line":25,"column":23}},"25":{"start":{"line":26,"column":0},"end":{"line":26,"column":15}},"26":{"start":{"line":27,"column":0},"end":{"line":27,"column":30}},"27":{"start":{"line":28,"column":0},"end":{"line":28,"column":13}},"28":{"start":{"line":29,"column":0},"end":{"line":29,"column":3}}},"s":{"0":1,"8":1,"9":1,"11":1,"12":1,"14":1,"15":1,"16":1,"17":1,"18":1,"19":1,"20":1,"21":1,"22":1,"23":1,"24":1,"25":1,"26":1,"27":1,"28":1},"branchMap":{"0":{"type":"branch","line":27,"loc":{"start":{"line":27,"column":13},"end":{"line":27,"column":29}},"locations":[{"start":{"line":27,"column":13},"end":{"line":27,"column":29}}]}},"b":{"0":[2]},"fnMap":{},"f":{}}
,"C:\\Users\\llewe\\Documents\\web\\projects\\mtb-races\\mtb-races-backend\\src\\enums\\RaceTypes.enum.ts": {"path":"C:\\Users\\llewe\\Documents\\web\\projects\\mtb-races\\mtb-races-backend\\src\\enums\\RaceTypes.enum.ts","all":false,"statementMap":{"0":{"start":{"line":1,"column":0},"end":{"line":1,"column":62}},"2":{"start":{"line":3,"column":0},"end":{"line":3,"column":23}},"3":{"start":{"line":4,"column":0},"end":{"line":4,"column":11}},"4":{"start":{"line":5,"column":0},"end":{"line":5,"column":19}},"5":{"start":{"line":6,"column":0},"end":{"line":6,"column":23}},"8":{"start":{"line":9,"column":0},"end":{"line":9,"column":56}}},"s":{"0":1,"2":1,"3":1,"4":1,"5":1,"8":1},"branchMap":{"0":{"type":"branch","line":3,"loc":{"start":{"line":3,"column":7},"end":{"line":3,"column":23}},"locations":[{"start":{"line":3,"column":7},"end":{"line":3,"column":23}}]}},"b":{"0":[7]},"fnMap":{},"f":{}}
,"C:\\Users\\llewe\\Documents\\web\\projects\\mtb-races\\mtb-races-backend\\src\\enums\\Sources.enum.ts": {"path":"C:\\Users\\llewe\\Documents\\web\\projects\\mtb-races\\mtb-races-backend\\src\\enums\\Sources.enum.ts","all":false,"statementMap":{"0":{"start":{"line":1,"column":0},"end":{"line":1,"column":62}},"2":{"start":{"line":3,"column":0},"end":{"line":3,"column":21}},"3":{"start":{"line":4,"column":0},"end":{"line":4,"column":27}},"6":{"start":{"line":7,"column":0},"end":{"line":7,"column":56}}},"s":{"0":1,"2":1,"3":1,"6":1},"branchMap":{"0":{"type":"branch","line":3,"loc":{"start":{"line":3,"column":7},"end":{"line":3,"column":21}},"locations":[{"start":{"line":3,"column":7},"end":{"line":3,"column":21}}]}},"b":{"0":[7]},"fnMap":{},"f":{}}
,"C:\\Users\\llewe\\Documents\\web\\projects\\mtb-races\\mtb-races-backend\\src\\lib\\queues\\queues.ts": {"path":"C:\\Users\\llewe\\Documents\\web\\projects\\mtb-races\\mtb-races-backend\\src\\lib\\queues\\queues.ts","all":false,"statementMap":{"0":{"start":{"line":1,"column":0},"end":{"line":1,"column":38}},"1":{"start":{"line":2,"column":0},"end":{"line":2,"column":79}},"3":{"start":{"line":4,"column":0},"end":{"line":4,"column":41}},"5":{"start":{"line":6,"column":0},"end":{"line":6,"column":53}},"7":{"start":{"line":8,"column":0},"end":{"line":8,"column":53}},"9":{"start":{"line":10,"column":0},"end":{"line":10,"column":59}},"11":{"start":{"line":12,"column":0},"end":{"line":12,"column":37}},"12":{"start":{"line":13,"column":0},"end":{"line":13,"column":27}},"13":{"start":{"line":14,"column":0},"end":{"line":14,"column":36}},"14":{"start":{"line":15,"column":0},"end":{"line":15,"column":18}},"15":{"start":{"line":16,"column":0},"end":{"line":16,"column":4}},"16":{"start":{"line":17,"column":0},"end":{"line":17,"column":1}},"18":{"start":{"line":19,"column":0},"end":{"line":19,"column":50}},"19":{"start":{"line":20,"column":0},"end":{"line":20,"column":38}},"20":{"start":{"line":21,"column":0},"end":{"line":21,"column":1}},"22":{"start":{"line":23,"column":0},"end":{"line":23,"column":52}},"23":{"start":{"line":24,"column":0},"end":{"line":24,"column":15}},"24":{"start":{"line":25,"column":0},"end":{"line":25,"column":14}},"25":{"start":{"line":26,"column":0},"end":{"line":26,"column":9}},"26":{"start":{"line":27,"column":0},"end":{"line":27,"column":3}},"27":{"start":{"line":28,"column":0},"end":{"line":28,"column":47}},"28":{"start":{"line":29,"column":0},"end":{"line":29,"column":1}},"30":{"start":{"line":31,"column":0},"end":{"line":31,"column":48}},"31":{"start":{"line":32,"column":0},"end":{"line":32,"column":15}},"32":{"start":{"line":33,"column":0},"end":{"line":33,"column":9}},"33":{"start":{"line":34,"column":0},"end":{"line":34,"column":27}},"34":{"start":{"line":35,"column":0},"end":{"line":35,"column":38}},"35":{"start":{"line":36,"column":0},"end":{"line":36,"column":1}},"37":{"start":{"line":38,"column":0},"end":{"line":38,"column":50}},"38":{"start":{"line":39,"column":0},"end":{"line":39,"column":15}},"39":{"start":{"line":40,"column":0},"end":{"line":40,"column":45}},"40":{"start":{"line":41,"column":0},"end":{"line":41,"column":3}},"41":{"start":{"line":42,"column":0},"end":{"line":42,"column":41}},"42":{"start":{"line":43,"column":0},"end":{"line":43,"column":1}},"44":{"start":{"line":45,"column":0},"end":{"line":45,"column":61}},"45":{"start":{"line":46,"column":0},"end":{"line":46,"column":38}},"46":{"start":{"line":47,"column":0},"end":{"line":47,"column":1}}},"s":{"0":1,"1":1,"3":1,"5":1,"7":1,"9":1,"11":6,"12":6,"13":6,"14":6,"15":6,"16":6,"18":6,"19":6,"20":4,"22":4,"23":4,"24":4,"25":4,"26":4,"27":4,"28":4,"30":1,"31":1,"32":1,"33":1,"34":1,"35":1,"37":4,"38":4,"39":4,"40":4,"41":4,"42":4,"44":3,"45":3,"46":3},"branchMap":{"0":{"type":"branch","line":12,"loc":{"start":{"line":12,"column":0},"end":{"line":17,"column":1}},"locations":[{"start":{"line":12,"column":0},"end":{"line":17,"column":1}}]},"1":{"type":"branch","line":14,"loc":{"start":{"line":14,"column":16},"end":{"line":16,"column":2}},"locations":[{"start":{"line":14,"column":16},"end":{"line":16,"column":2}}]},"2":{"type":"branch","line":15,"loc":{"start":{"line":15,"column":16},"end":{"line":15,"column":18}},"locations":[{"start":{"line":15,"column":16},"end":{"line":15,"column":18}}]},"3":{"type":"branch","line":19,"loc":{"start":{"line":19,"column":0},"end":{"line":21,"column":1}},"locations":[{"start":{"line":19,"column":0},"end":{"line":21,"column":1}}]},"4":{"type":"branch","line":20,"loc":{"start":{"line":20,"column":36},"end":{"line":21,"column":1}},"locations":[{"start":{"line":20,"column":36},"end":{"line":21,"column":1}}]},"5":{"type":"branch","line":23,"loc":{"start":{"line":23,"column":0},"end":{"line":29,"column":1}},"locations":[{"start":{"line":23,"column":0},"end":{"line":29,"column":1}}]},"6":{"type":"branch","line":31,"loc":{"start":{"line":31,"column":0},"end":{"line":36,"column":1}},"locations":[{"start":{"line":31,"column":0},"end":{"line":36,"column":1}}]},"7":{"type":"branch","line":38,"loc":{"start":{"line":38,"column":0},"end":{"line":43,"column":1}},"locations":[{"start":{"line":38,"column":0},"end":{"line":43,"column":1}}]},"8":{"type":"branch","line":45,"loc":{"start":{"line":45,"column":0},"end":{"line":47,"column":1}},"locations":[{"start":{"line":45,"column":0},"end":{"line":47,"column":1}}]}},"b":{"0":[6],"1":[6],"2":[4],"3":[6],"4":[4],"5":[4],"6":[1],"7":[4],"8":[3]},"fnMap":{"0":{"name":"startPGBoss","decl":{"start":{"line":12,"column":0},"end":{"line":17,"column":1}},"loc":{"start":{"line":12,"column":0},"end":{"line":17,"column":1}},"line":12},"1":{"name":"createQueue","decl":{"start":{"line":19,"column":0},"end":{"line":21,"column":1}},"loc":{"start":{"line":19,"column":0},"end":{"line":21,"column":1}},"line":19},"2":{"name":"scheduleJob","decl":{"start":{"line":23,"column":0},"end":{"line":29,"column":1}},"loc":{"start":{"line":23,"column":0},"end":{"line":29,"column":1}},"line":23},"3":{"name":"sendJob","decl":{"start":{"line":31,"column":0},"end":{"line":36,"column":1}},"loc":{"start":{"line":31,"column":0},"end":{"line":36,"column":1}},"line":31},"4":{"name":"addWorker","decl":{"start":{"line":38,"column":0},"end":{"line":43,"column":1}},"loc":{"start":{"line":38,"column":0},"end":{"line":43,"column":1}},"line":38},"5":{"name":"failJob","decl":{"start":{"line":45,"column":0},"end":{"line":47,"column":1}},"loc":{"start":{"line":45,"column":0},"end":{"line":47,"column":1}},"line":45}},"f":{"0":6,"1":6,"2":4,"3":1,"4":4,"5":3}}
,"C:\\Users\\llewe\\Documents\\web\\projects\\mtb-races\\mtb-races-backend\\src\\lib\\scrapers\\si-entries\\si-entries-scraper.ts": {"path":"C:\\Users\\llewe\\Documents\\web\\projects\\mtb-races\\mtb-races-backend\\src\\lib\\scrapers\\si-entries\\si-entries-scraper.ts","all":false,"statementMap":{"0":{"start":{"line":1,"column":0},"end":{"line":1,"column":54}},"3":{"start":{"line":4,"column":0},"end":{"line":4,"column":54}},"4":{"start":{"line":5,"column":0},"end":{"line":5,"column":61}},"5":{"start":{"line":6,"column":0},"end":{"line":6,"column":57}},"6":{"start":{"line":7,"column":0},"end":{"line":7,"column":67}},"7":{"start":{"line":8,"column":0},"end":{"line":8,"column":70}},"9":{"start":{"line":10,"column":0},"end":{"line":10,"column":27}},"10":{"start":{"line":11,"column":0},"end":{"line":11,"column":32}},"11":{"start":{"line":12,"column":0},"end":{"line":12,"column":34}},"12":{"start":{"line":13,"column":0},"end":{"line":13,"column":31}},"13":{"start":{"line":14,"column":0},"end":{"line":14,"column":2}},"15":{"start":{"line":16,"column":0},"end":{"line":16,"column":35}},"16":{"start":{"line":17,"column":0},"end":{"line":17,"column":72}},"17":{"start":{"line":18,"column":0},"end":{"line":18,"column":2}},"19":{"start":{"line":20,"column":0},"end":{"line":20,"column":68}},"20":{"start":{"line":21,"column":0},"end":{"line":21,"column":32}},"21":{"start":{"line":22,"column":0},"end":{"line":22,"column":13}},"22":{"start":{"line":23,"column":0},"end":{"line":23,"column":6}},"23":{"start":{"line":24,"column":0},"end":{"line":24,"column":55}},"24":{"start":{"line":25,"column":0},"end":{"line":25,"column":39}},"26":{"start":{"line":27,"column":0},"end":{"line":27,"column":24}},"27":{"start":{"line":28,"column":0},"end":{"line":28,"column":29}},"28":{"start":{"line":29,"column":0},"end":{"line":29,"column":18}},"29":{"start":{"line":30,"column":0},"end":{"line":30,"column":5}},"31":{"start":{"line":32,"column":0},"end":{"line":32,"column":52}},"32":{"start":{"line":33,"column":0},"end":{"line":33,"column":27}},"33":{"start":{"line":34,"column":0},"end":{"line":34,"column":4}},"35":{"start":{"line":36,"column":0},"end":{"line":36,"column":33}},"36":{"start":{"line":37,"column":0},"end":{"line":37,"column":14}},"37":{"start":{"line":38,"column":0},"end":{"line":38,"column":36}},"38":{"start":{"line":39,"column":0},"end":{"line":39,"column":57}},"39":{"start":{"line":40,"column":0},"end":{"line":40,"column":14}},"40":{"start":{"line":41,"column":0},"end":{"line":41,"column":12}},"41":{"start":{"line":42,"column":0},"end":{"line":42,"column":16}},"42":{"start":{"line":43,"column":0},"end":{"line":43,"column":25}},"43":{"start":{"line":44,"column":0},"end":{"line":44,"column":3}},"44":{"start":{"line":45,"column":0},"end":{"line":45,"column":2}},"45":{"start":{"line":46,"column":0},"end":{"line":46,"column":2}},"47":{"start":{"line":48,"column":0},"end":{"line":48,"column":53}},"48":{"start":{"line":49,"column":0},"end":{"line":49,"column":26}},"49":{"start":{"line":50,"column":0},"end":{"line":50,"column":61}},"50":{"start":{"line":51,"column":0},"end":{"line":51,"column":33}},"51":{"start":{"line":52,"column":0},"end":{"line":52,"column":14}},"52":{"start":{"line":53,"column":0},"end":{"line":53,"column":4}},"54":{"start":{"line":55,"column":0},"end":{"line":55,"column":35}},"56":{"start":{"line":57,"column":0},"end":{"line":57,"column":11}},"57":{"start":{"line":58,"column":0},"end":{"line":58,"column":5}},"58":{"start":{"line":59,"column":0},"end":{"line":59,"column":21}},"59":{"start":{"line":60,"column":0},"end":{"line":60,"column":44}},"60":{"start":{"line":61,"column":0},"end":{"line":61,"column":47}},"61":{"start":{"line":62,"column":0},"end":{"line":62,"column":28}},"62":{"start":{"line":63,"column":0},"end":{"line":63,"column":21}},"63":{"start":{"line":64,"column":0},"end":{"line":64,"column":41}},"64":{"start":{"line":65,"column":0},"end":{"line":65,"column":32}},"65":{"start":{"line":66,"column":0},"end":{"line":66,"column":6}},"66":{"start":{"line":67,"column":0},"end":{"line":67,"column":5}},"67":{"start":{"line":68,"column":0},"end":{"line":68,"column":4}},"68":{"start":{"line":69,"column":0},"end":{"line":69,"column":3}},"69":{"start":{"line":70,"column":0},"end":{"line":70,"column":1}}},"s":{"0":1,"3":1,"4":1,"5":1,"6":1,"7":1,"9":1,"10":1,"11":1,"12":1,"13":1,"15":1,"16":8,"17":8,"19":1,"20":2,"21":2,"22":2,"23":2,"24":2,"26":2,"27":2,"28":2,"29":2,"31":1,"32":1,"33":1,"35":1,"36":1,"37":1,"38":1,"39":1,"40":2,"41":2,"42":2,"43":2,"44":2,"45":2,"47":1,"48":2,"49":2,"50":10,"51":2,"52":2,"54":8,"56":8,"57":8,"58":8,"59":8,"60":10,"61":10,"62":10,"63":10,"64":10,"65":10,"66":10,"67":10,"68":2,"69":2},"branchMap":{"0":{"type":"branch","line":16,"loc":{"start":{"line":16,"column":16},"end":{"line":18,"column":2}},"locations":[{"start":{"line":16,"column":16},"end":{"line":18,"column":2}}]},"1":{"type":"branch","line":17,"loc":{"start":{"line":17,"column":64},"end":{"line":17,"column":72}},"locations":[{"start":{"line":17,"column":64},"end":{"line":17,"column":72}}]},"2":{"type":"branch","line":20,"loc":{"start":{"line":20,"column":31},"end":{"line":46,"column":2}},"locations":[{"start":{"line":20,"column":31},"end":{"line":46,"column":2}}]},"3":{"type":"branch","line":30,"loc":{"start":{"line":30,"column":3},"end":{"line":41,"column":3}},"locations":[{"start":{"line":30,"column":3},"end":{"line":41,"column":3}}]},"4":{"type":"branch","line":41,"loc":{"start":{"line":41,"column":1},"end":{"line":41,"column":3}},"locations":[{"start":{"line":41,"column":1},"end":{"line":41,"column":3}}]},"5":{"type":"branch","line":48,"loc":{"start":{"line":48,"column":7},"end":{"line":70,"column":1}},"locations":[{"start":{"line":48,"column":7},"end":{"line":70,"column":1}}]},"6":{"type":"branch","line":50,"loc":{"start":{"line":50,"column":2},"end":{"line":68,"column":4}},"locations":[{"start":{"line":50,"column":2},"end":{"line":68,"column":4}}]},"7":{"type":"branch","line":51,"loc":{"start":{"line":51,"column":8},"end":{"line":51,"column":32}},"locations":[{"start":{"line":51,"column":8},"end":{"line":51,"column":32}}]},"8":{"type":"branch","line":51,"loc":{"start":{"line":51,"column":32},"end":{"line":53,"column":4}},"locations":[{"start":{"line":51,"column":32},"end":{"line":53,"column":4}}]},"9":{"type":"branch","line":53,"loc":{"start":{"line":53,"column":3},"end":{"line":61,"column":42}},"locations":[{"start":{"line":53,"column":3},"end":{"line":61,"column":42}}]},"10":{"type":"branch","line":61,"loc":{"start":{"line":61,"column":38},"end":{"line":61,"column":47}},"locations":[{"start":{"line":61,"column":38},"end":{"line":61,"column":47}}]}},"b":{"0":[8],"1":[0],"2":[2],"3":[1],"4":[0],"5":[2],"6":[10],"7":[9],"8":[2],"9":[8],"10":[0]},"fnMap":{"0":{"name":"mapType","decl":{"start":{"line":16,"column":16},"end":{"line":18,"column":2}},"loc":{"start":{"line":16,"column":16},"end":{"line":18,"column":2}},"line":16},"1":{"name":"scrapeSIEntries","decl":{"start":{"line":20,"column":31},"end":{"line":46,"column":2}},"loc":{"start":{"line":20,"column":31},"end":{"line":46,"column":2}},"line":20},"2":{"name":"mapRawEvents","decl":{"start":{"line":48,"column":7},"end":{"line":70,"column":1}},"loc":{"start":{"line":48,"column":7},"end":{"line":70,"column":1}},"line":48}},"f":{"0":8,"1":2,"2":2}}
,"C:\\Users\\llewe\\Documents\\web\\projects\\mtb-races\\mtb-races-backend\\src\\lib\\utils\\createApp.ts": {"path":"C:\\Users\\llewe\\Documents\\web\\projects\\mtb-races\\mtb-races-backend\\src\\lib\\utils\\createApp.ts","all":false,"statementMap":{"0":{"start":{"line":1,"column":0},"end":{"line":1,"column":43}},"1":{"start":{"line":2,"column":0},"end":{"line":2,"column":40}},"2":{"start":{"line":3,"column":0},"end":{"line":3,"column":50}},"3":{"start":{"line":4,"column":0},"end":{"line":4,"column":43}},"5":{"start":{"line":6,"column":0},"end":{"line":6,"column":53}},"6":{"start":{"line":7,"column":0},"end":{"line":7,"column":21}},"7":{"start":{"line":8,"column":0},"end":{"line":8,"column":10}},"8":{"start":{"line":9,"column":0},"end":{"line":9,"column":23}},"10":{"start":{"line":11,"column":0},"end":{"line":11,"column":27}},"11":{"start":{"line":12,"column":0},"end":{"line":12,"column":26}},"12":{"start":{"line":13,"column":0},"end":{"line":13,"column":4}},"14":{"start":{"line":15,"column":0},"end":{"line":15,"column":33}},"15":{"start":{"line":16,"column":0},"end":{"line":16,"column":13}},"16":{"start":{"line":17,"column":0},"end":{"line":17,"column":4}},"18":{"start":{"line":19,"column":0},"end":{"line":19,"column":28}},"20":{"start":{"line":21,"column":0},"end":{"line":21,"column":12}},"21":{"start":{"line":22,"column":0},"end":{"line":22,"column":1}}},"s":{"0":1,"1":1,"2":1,"3":1,"5":6,"6":6,"7":6,"8":6,"10":6,"11":1,"12":6,"14":6,"15":1,"16":6,"18":6,"20":6,"21":6},"branchMap":{"0":{"type":"branch","line":6,"loc":{"start":{"line":6,"column":0},"end":{"line":22,"column":1}},"locations":[{"start":{"line":6,"column":0},"end":{"line":22,"column":1}}]},"1":{"type":"branch","line":11,"loc":{"start":{"line":11,"column":14},"end":{"line":13,"column":2}},"locations":[{"start":{"line":11,"column":14},"end":{"line":13,"column":2}}]},"2":{"type":"branch","line":15,"loc":{"start":{"line":15,"column":20},"end":{"line":17,"column":2}},"locations":[{"start":{"line":15,"column":20},"end":{"line":17,"column":2}}]}},"b":{"0":[6],"1":[1],"2":[1]},"fnMap":{"0":{"name":"createApp","decl":{"start":{"line":6,"column":0},"end":{"line":22,"column":1}},"loc":{"start":{"line":6,"column":0},"end":{"line":22,"column":1}},"line":6}},"f":{"0":6}}
,"C:\\Users\\llewe\\Documents\\web\\projects\\mtb-races\\mtb-races-backend\\src\\lib\\utils\\getEnumValues.ts": {"path":"C:\\Users\\llewe\\Documents\\web\\projects\\mtb-races\\mtb-races-backend\\src\\lib\\utils\\getEnumValues.ts","all":false,"statementMap":{"0":{"start":{"line":1,"column":0},"end":{"line":1,"column":58}},"1":{"start":{"line":2,"column":0},"end":{"line":2,"column":38}},"2":{"start":{"line":3,"column":0},"end":{"line":3,"column":39}},"3":{"start":{"line":4,"column":0},"end":{"line":4,"column":15}},"4":{"start":{"line":5,"column":0},"end":{"line":5,"column":1}}},"s":{"0":1,"1":14,"2":14,"3":14,"4":14},"branchMap":{"0":{"type":"branch","line":1,"loc":{"start":{"line":1,"column":7},"end":{"line":5,"column":1}},"locations":[{"start":{"line":1,"column":7},"end":{"line":5,"column":1}}]},"1":{"type":"branch","line":3,"loc":{"start":{"line":3,"column":2},"end":{"line":3,"column":39}},"locations":[{"start":{"line":3,"column":2},"end":{"line":3,"column":39}}]}},"b":{"0":[14],"1":[28]},"fnMap":{"0":{"name":"getEnumValues","decl":{"start":{"line":1,"column":7},"end":{"line":5,"column":1}},"loc":{"start":{"line":1,"column":7},"end":{"line":5,"column":1}},"line":1}},"f":{"0":14}}
,"C:\\Users\\llewe\\Documents\\web\\projects\\mtb-races\\mtb-races-backend\\src\\lib\\utils\\stringToMD5.ts": {"path":"C:\\Users\\llewe\\Documents\\web\\projects\\mtb-races\\mtb-races-backend\\src\\lib\\utils\\stringToMD5.ts","all":false,"statementMap":{"0":{"start":{"line":1,"column":0},"end":{"line":1,"column":36}},"2":{"start":{"line":3,"column":0},"end":{"line":3,"column":44}},"3":{"start":{"line":4,"column":0},"end":{"line":4,"column":55}},"4":{"start":{"line":5,"column":0},"end":{"line":5,"column":1}},"6":{"start":{"line":7,"column":0},"end":{"line":7,"column":57}},"7":{"start":{"line":8,"column":0},"end":{"line":8,"column":19}},"8":{"start":{"line":9,"column":0},"end":{"line":9,"column":59}},"9":{"start":{"line":10,"column":0},"end":{"line":10,"column":23}},"10":{"start":{"line":11,"column":0},"end":{"line":11,"column":18}},"11":{"start":{"line":12,"column":0},"end":{"line":12,"column":3}},"12":{"start":{"line":13,"column":0},"end":{"line":13,"column":1}}},"s":{"0":1,"2":1,"3":8,"4":8,"6":1,"7":8,"8":8,"9":8,"10":8,"11":8,"12":8},"branchMap":{"0":{"type":"branch","line":3,"loc":{"start":{"line":3,"column":7},"end":{"line":5,"column":1}},"locations":[{"start":{"line":3,"column":7},"end":{"line":5,"column":1}}]},"1":{"type":"branch","line":7,"loc":{"start":{"line":7,"column":7},"end":{"line":13,"column":1}},"locations":[{"start":{"line":7,"column":7},"end":{"line":13,"column":1}}]}},"b":{"0":[8],"1":[8]},"fnMap":{"0":{"name":"hashString","decl":{"start":{"line":3,"column":7},"end":{"line":5,"column":1}},"loc":{"start":{"line":3,"column":7},"end":{"line":5,"column":1}},"line":3},"1":{"name":"hashRace","decl":{"start":{"line":7,"column":7},"end":{"line":13,"column":1}},"loc":{"start":{"line":7,"column":7},"end":{"line":13,"column":1}},"line":7}},"f":{"0":8,"1":8}}
,"C:\\Users\\llewe\\Documents\\web\\projects\\mtb-races\\mtb-races-backend\\src\\lib\\utils\\test-helpers\\wait-for-job-status.ts": {"path":"C:\\Users\\llewe\\Documents\\web\\projects\\mtb-races\\mtb-races-backend\\src\\lib\\utils\\test-helpers\\wait-for-job-status.ts","all":false,"statementMap":{"2":{"start":{"line":3,"column":0},"end":{"line":3,"column":39}},"3":{"start":{"line":4,"column":0},"end":{"line":4,"column":14}},"4":{"start":{"line":5,"column":0},"end":{"line":5,"column":15}},"5":{"start":{"line":6,"column":0},"end":{"line":6,"column":22}},"6":{"start":{"line":7,"column":0},"end":{"line":7,"column":37}},"7":{"start":{"line":8,"column":0},"end":{"line":8,"column":18}},"8":{"start":{"line":9,"column":0},"end":{"line":9,"column":21}},"9":{"start":{"line":10,"column":0},"end":{"line":10,"column":21}},"10":{"start":{"line":11,"column":0},"end":{"line":11,"column":15}},"11":{"start":{"line":12,"column":0},"end":{"line":12,"column":22}},"12":{"start":{"line":13,"column":0},"end":{"line":13,"column":51}},"13":{"start":{"line":14,"column":0},"end":{"line":14,"column":35}},"14":{"start":{"line":15,"column":0},"end":{"line":15,"column":4}},"15":{"start":{"line":16,"column":0},"end":{"line":16,"column":3}},"16":{"start":{"line":17,"column":0},"end":{"line":17,"column":29}},"17":{"start":{"line":18,"column":0},"end":{"line":18,"column":4}},"18":{"start":{"line":19,"column":0},"end":{"line":19,"column":3}},"19":{"start":{"line":20,"column":0},"end":{"line":20,"column":1}}},"s":{"2":3,"3":3,"4":3,"5":3,"6":3,"7":3,"8":3,"9":3,"10":3,"11":171,"12":171,"13":171,"14":171,"15":3,"16":3,"17":3,"18":3,"19":3},"branchMap":{"0":{"type":"branch","line":3,"loc":{"start":{"line":3,"column":0},"end":{"line":20,"column":1}},"locations":[{"start":{"line":3,"column":0},"end":{"line":20,"column":1}}]},"1":{"type":"branch","line":11,"loc":{"start":{"line":11,"column":2},"end":{"line":15,"column":4}},"locations":[{"start":{"line":11,"column":2},"end":{"line":15,"column":4}}]},"2":{"type":"branch","line":12,"loc":{"start":{"line":12,"column":15},"end":{"line":12,"column":22}},"locations":[{"start":{"line":12,"column":15},"end":{"line":12,"column":22}}]}},"b":{"0":[3],"1":[171],"2":[0]},"fnMap":{"0":{"name":"waitForJobStatus","decl":{"start":{"line":3,"column":0},"end":{"line":20,"column":1}},"loc":{"start":{"line":3,"column":0},"end":{"line":20,"column":1}},"line":3},"1":{"name":"vi.waitUntil.timeout","decl":{"start":{"line":11,"column":2},"end":{"line":15,"column":4}},"loc":{"start":{"line":11,"column":2},"end":{"line":15,"column":4}},"line":11}},"f":{"0":3,"1":171}}
}
