{
	"C:\\Users\\llewe\\Documents\\web\\projects\\mtb-races\\mtb-races-backend\\src\\config.ts": {
		"path": "C:\\Users\\llewe\\Documents\\web\\projects\\mtb-races\\mtb-races-backend\\src\\config.ts",
		"all": false,
		"statementMap": {
			"0": {
				"start": { "line": 1, "column": 0 },
				"end": { "line": 1, "column": 24 }
			},
			"2": {
				"start": { "line": 3, "column": 0 },
				"end": { "line": 3, "column": 71 }
			},
			"3": {
				"start": { "line": 4, "column": 0 },
				"end": { "line": 4, "column": 29 }
			},
			"5": {
				"start": { "line": 6, "column": 0 },
				"end": { "line": 6, "column": 31 }
			},
			"6": {
				"start": { "line": 7, "column": 0 },
				"end": { "line": 7, "column": 26 }
			},
			"7": {
				"start": { "line": 8, "column": 0 },
				"end": { "line": 8, "column": 37 }
			},
			"8": {
				"start": { "line": 9, "column": 0 },
				"end": { "line": 9, "column": 29 }
			},
			"9": {
				"start": { "line": 10, "column": 0 },
				"end": { "line": 10, "column": 3 }
			},
			"11": {
				"start": { "line": 12, "column": 0 },
				"end": { "line": 12, "column": 54 }
			}
		},
		"s": {
			"0": 1,
			"2": 1,
			"3": 1,
			"5": 1,
			"6": 1,
			"7": 1,
			"8": 1,
			"9": 1,
			"11": 1
		},
		"branchMap": {
			"0": {
				"type": "branch",
				"line": 3,
				"loc": {
					"start": { "line": 3, "column": 50 },
					"end": { "line": 3, "column": 71 }
				},
				"locations": [
					{
						"start": { "line": 3, "column": 50 },
						"end": { "line": 3, "column": 71 }
					}
				]
			}
		},
		"b": { "0": [0] },
		"fnMap": {},
		"f": {}
	},
	"C:\\Users\\llewe\\Documents\\web\\projects\\mtb-races\\mtb-races-backend\\src\\router.ts": {
		"path": "C:\\Users\\llewe\\Documents\\web\\projects\\mtb-races\\mtb-races-backend\\src\\router.ts",
		"all": false,
		"statementMap": {
			"0": {
				"start": { "line": 1, "column": 0 },
				"end": { "line": 1, "column": 33 }
			},
			"1": {
				"start": { "line": 2, "column": 0 },
				"end": { "line": 2, "column": 52 }
			},
			"3": {
				"start": { "line": 4, "column": 0 },
				"end": { "line": 4, "column": 24 }
			},
			"5": {
				"start": { "line": 6, "column": 0 },
				"end": { "line": 6, "column": 34 }
			},
			"7": {
				"start": { "line": 8, "column": 0 },
				"end": { "line": 8, "column": 22 }
			}
		},
		"s": { "0": 1, "1": 1, "3": 1, "5": 1, "7": 1 },
		"branchMap": {},
		"b": {},
		"fnMap": {},
		"f": {}
	},
	"C:\\Users\\llewe\\Documents\\web\\projects\\mtb-races\\mtb-races-backend\\src\\apps\\races\\races.api.ts": {
		"path": "C:\\Users\\llewe\\Documents\\web\\projects\\mtb-races\\mtb-races-backend\\src\\apps\\races\\races.api.ts",
		"all": false,
		"statementMap": {
			"0": {
				"start": { "line": 1, "column": 0 },
				"end": { "line": 1, "column": 33 }
			},
			"1": {
				"start": { "line": 2, "column": 0 },
				"end": { "line": 2, "column": 46 }
			},
			"2": {
				"start": { "line": 3, "column": 0 },
				"end": { "line": 3, "column": 53 }
			},
			"3": {
				"start": { "line": 4, "column": 0 },
				"end": { "line": 4, "column": 64 }
			},
			"5": {
				"start": { "line": 6, "column": 0 },
				"end": { "line": 6, "column": 29 }
			},
			"7": {
				"start": { "line": 8, "column": 0 },
				"end": { "line": 8, "column": 42 }
			},
			"8": {
				"start": { "line": 9, "column": 0 },
				"end": { "line": 9, "column": 32 }
			},
			"9": {
				"start": { "line": 10, "column": 0 },
				"end": { "line": 10, "column": 17 }
			},
			"10": {
				"start": { "line": 11, "column": 0 },
				"end": { "line": 11, "column": 24 }
			},
			"11": {
				"start": { "line": 12, "column": 0 },
				"end": { "line": 12, "column": 3 }
			},
			"13": {
				"start": { "line": 14, "column": 0 },
				"end": { "line": 14, "column": 60 }
			},
			"14": {
				"start": { "line": 15, "column": 0 },
				"end": { "line": 15, "column": 36 }
			},
			"15": {
				"start": { "line": 16, "column": 0 },
				"end": { "line": 16, "column": 31 }
			},
			"16": {
				"start": { "line": 17, "column": 0 },
				"end": { "line": 17, "column": 3 }
			},
			"18": {
				"start": { "line": 19, "column": 0 },
				"end": { "line": 19, "column": 27 }
			}
		},
		"s": {
			"0": 1,
			"1": 1,
			"2": 1,
			"3": 1,
			"5": 1,
			"7": 1,
			"8": 2,
			"9": 2,
			"10": 2,
			"11": 2,
			"13": 1,
			"14": 0,
			"15": 0,
			"16": 0,
			"18": 1
		},
		"branchMap": {
			"0": {
				"type": "branch",
				"line": 8,
				"loc": {
					"start": { "line": 8, "column": 21 },
					"end": { "line": 12, "column": 3 }
				},
				"locations": [
					{
						"start": { "line": 8, "column": 21 },
						"end": { "line": 12, "column": 3 }
					}
				]
			}
		},
		"b": { "0": [2] },
		"fnMap": {},
		"f": {}
	},
	"C:\\Users\\llewe\\Documents\\web\\projects\\mtb-races\\mtb-races-backend\\src\\apps\\races\\races.processor.ts": {
		"path": "C:\\Users\\llewe\\Documents\\web\\projects\\mtb-races\\mtb-races-backend\\src\\apps\\races\\races.processor.ts",
		"all": false,
		"statementMap": {
			"0": {
				"start": { "line": 1, "column": 0 },
				"end": { "line": 1, "column": 64 }
			},
			"1": {
				"start": { "line": 2, "column": 0 },
				"end": { "line": 2, "column": 8 }
			},
			"7": {
				"start": { "line": 8, "column": 0 },
				"end": { "line": 8, "column": 76 }
			},
			"8": {
				"start": { "line": 9, "column": 0 },
				"end": { "line": 9, "column": 49 }
			},
			"10": {
				"start": { "line": 11, "column": 0 },
				"end": { "line": 11, "column": 50 }
			},
			"11": {
				"start": { "line": 12, "column": 0 },
				"end": { "line": 12, "column": 36 }
			},
			"12": {
				"start": { "line": 13, "column": 0 },
				"end": { "line": 13, "column": 52 }
			},
			"13": {
				"start": { "line": 14, "column": 0 },
				"end": { "line": 14, "column": 39 }
			},
			"14": {
				"start": { "line": 15, "column": 0 },
				"end": { "line": 15, "column": 7 }
			},
			"15": {
				"start": { "line": 16, "column": 0 },
				"end": { "line": 16, "column": 23 }
			},
			"16": {
				"start": { "line": 17, "column": 0 },
				"end": { "line": 17, "column": 40 }
			},
			"17": {
				"start": { "line": 18, "column": 0 },
				"end": { "line": 18, "column": 41 }
			},
			"18": {
				"start": { "line": 19, "column": 0 },
				"end": { "line": 19, "column": 19 }
			},
			"19": {
				"start": { "line": 20, "column": 0 },
				"end": { "line": 20, "column": 48 }
			},
			"20": {
				"start": { "line": 21, "column": 0 },
				"end": { "line": 21, "column": 42 }
			},
			"21": {
				"start": { "line": 22, "column": 0 },
				"end": { "line": 22, "column": 3 }
			},
			"22": {
				"start": { "line": 23, "column": 0 },
				"end": { "line": 23, "column": 4 }
			},
			"24": {
				"start": { "line": 25, "column": 0 },
				"end": { "line": 25, "column": 53 }
			},
			"25": {
				"start": { "line": 26, "column": 0 },
				"end": { "line": 26, "column": 1 }
			}
		},
		"s": {
			"0": 1,
			"1": 1,
			"7": 1,
			"8": 1,
			"10": 3,
			"11": 3,
			"12": 3,
			"13": 5,
			"14": 5,
			"15": 5,
			"16": 2,
			"17": 2,
			"18": 5,
			"19": 3,
			"20": 3,
			"21": 3,
			"22": 3,
			"24": 3,
			"25": 3
		},
		"branchMap": {
			"0": {
				"type": "branch",
				"line": 11,
				"loc": {
					"start": { "line": 11, "column": 0 },
					"end": { "line": 26, "column": 1 }
				},
				"locations": [
					{
						"start": { "line": 11, "column": 0 },
						"end": { "line": 26, "column": 1 }
					}
				]
			},
			"1": {
				"type": "branch",
				"line": 13,
				"loc": {
					"start": { "line": 13, "column": 34 },
					"end": { "line": 23, "column": 2 }
				},
				"locations": [
					{
						"start": { "line": 13, "column": 34 },
						"end": { "line": 23, "column": 2 }
					}
				]
			},
			"2": {
				"type": "branch",
				"line": 16,
				"loc": {
					"start": { "line": 16, "column": 21 },
					"end": { "line": 19, "column": 11 }
				},
				"locations": [
					{
						"start": { "line": 16, "column": 21 },
						"end": { "line": 19, "column": 11 }
					}
				]
			},
			"3": {
				"type": "branch",
				"line": 19,
				"loc": {
					"start": { "line": 19, "column": 2 },
					"end": { "line": 22, "column": 3 }
				},
				"locations": [
					{
						"start": { "line": 19, "column": 2 },
						"end": { "line": 22, "column": 3 }
					}
				]
			}
		},
		"b": { "0": [3], "1": [5], "2": [2], "3": [3] },
		"fnMap": {
			"0": {
				"name": "SiEntriesScrapeProcessor",
				"decl": {
					"start": { "line": 11, "column": 0 },
					"end": { "line": 26, "column": 1 }
				},
				"loc": {
					"start": { "line": 11, "column": 0 },
					"end": { "line": 26, "column": 1 }
				},
				"line": 11
			}
		},
		"f": { "0": 3 }
	},
	"C:\\Users\\llewe\\Documents\\web\\projects\\mtb-races\\mtb-races-backend\\src\\apps\\races\\races.service.ts": {
		"path": "C:\\Users\\llewe\\Documents\\web\\projects\\mtb-races\\mtb-races-backend\\src\\apps\\races\\races.service.ts",
		"all": false,
		"statementMap": {
			"0": {
				"start": { "line": 1, "column": 0 },
				"end": { "line": 1, "column": 86 }
			},
			"1": {
				"start": { "line": 2, "column": 0 },
				"end": { "line": 2, "column": 39 }
			},
			"2": {
				"start": { "line": 3, "column": 0 },
				"end": { "line": 3, "column": 55 }
			},
			"3": {
				"start": { "line": 4, "column": 0 },
				"end": { "line": 4, "column": 40 }
			},
			"5": {
				"start": { "line": 6, "column": 0 },
				"end": { "line": 6, "column": 55 }
			},
			"6": {
				"start": { "line": 7, "column": 0 },
				"end": { "line": 7, "column": 28 }
			},
			"7": {
				"start": { "line": 8, "column": 0 },
				"end": { "line": 8, "column": 2 }
			},
			"9": {
				"start": { "line": 10, "column": 0 },
				"end": { "line": 10, "column": 55 }
			},
			"10": {
				"start": { "line": 11, "column": 0 },
				"end": { "line": 11, "column": 39 }
			},
			"12": {
				"start": { "line": 13, "column": 0 },
				"end": { "line": 13, "column": 9 }
			},
			"13": {
				"start": { "line": 14, "column": 0 },
				"end": { "line": 14, "column": 21 }
			},
			"14": {
				"start": { "line": 15, "column": 0 },
				"end": { "line": 15, "column": 16 }
			},
			"15": {
				"start": { "line": 16, "column": 0 },
				"end": { "line": 16, "column": 23 }
			},
			"16": {
				"start": { "line": 17, "column": 0 },
				"end": { "line": 17, "column": 31 }
			},
			"17": {
				"start": { "line": 18, "column": 0 },
				"end": { "line": 18, "column": 9 }
			},
			"18": {
				"start": { "line": 19, "column": 0 },
				"end": { "line": 19, "column": 29 }
			},
			"19": {
				"start": { "line": 20, "column": 0 },
				"end": { "line": 20, "column": 37 }
			},
			"20": {
				"start": { "line": 21, "column": 0 },
				"end": { "line": 21, "column": 42 }
			},
			"21": {
				"start": { "line": 22, "column": 0 },
				"end": { "line": 22, "column": 5 }
			},
			"22": {
				"start": { "line": 23, "column": 0 },
				"end": { "line": 23, "column": 5 }
			},
			"23": {
				"start": { "line": 24, "column": 0 },
				"end": { "line": 24, "column": 2 }
			},
			"25": {
				"start": { "line": 26, "column": 0 },
				"end": { "line": 26, "column": 30 }
			},
			"26": {
				"start": { "line": 27, "column": 0 },
				"end": { "line": 27, "column": 74 }
			},
			"27": {
				"start": { "line": 28, "column": 0 },
				"end": { "line": 28, "column": 1 }
			}
		},
		"s": {
			"0": 1,
			"1": 1,
			"2": 1,
			"3": 1,
			"5": 1,
			"6": 2,
			"7": 2,
			"9": 1,
			"10": 5,
			"12": 2,
			"13": 2,
			"14": 2,
			"15": 2,
			"16": 2,
			"17": 2,
			"18": 2,
			"19": 2,
			"20": 2,
			"21": 2,
			"22": 2,
			"23": 2,
			"25": 2,
			"26": 2,
			"27": 2
		},
		"branchMap": {
			"0": {
				"type": "branch",
				"line": 6,
				"loc": {
					"start": { "line": 6, "column": 24 },
					"end": { "line": 8, "column": 2 }
				},
				"locations": [
					{
						"start": { "line": 6, "column": 24 },
						"end": { "line": 8, "column": 2 }
					}
				]
			},
			"1": {
				"type": "branch",
				"line": 10,
				"loc": {
					"start": { "line": 10, "column": 27 },
					"end": { "line": 24, "column": 2 }
				},
				"locations": [
					{
						"start": { "line": 10, "column": 27 },
						"end": { "line": 24, "column": 2 }
					}
				]
			},
			"2": {
				"type": "branch",
				"line": 11,
				"loc": {
					"start": { "line": 11, "column": 37 },
					"end": { "line": 24, "column": 2 }
				},
				"locations": [
					{
						"start": { "line": 11, "column": 37 },
						"end": { "line": 24, "column": 2 }
					}
				]
			},
			"3": {
				"type": "branch",
				"line": 26,
				"loc": {
					"start": { "line": 26, "column": 0 },
					"end": { "line": 28, "column": 1 }
				},
				"locations": [
					{
						"start": { "line": 26, "column": 0 },
						"end": { "line": 28, "column": 1 }
					}
				]
			}
		},
		"b": { "0": [2], "1": [5], "2": [2], "3": [2] },
		"fnMap": {
			"0": {
				"name": "getRaces",
				"decl": {
					"start": { "line": 6, "column": 24 },
					"end": { "line": 8, "column": 2 }
				},
				"loc": {
					"start": { "line": 6, "column": 24 },
					"end": { "line": 8, "column": 2 }
				},
				"line": 6
			},
			"1": {
				"name": "scrapeRaces",
				"decl": {
					"start": { "line": 10, "column": 27 },
					"end": { "line": 24, "column": 2 }
				},
				"loc": {
					"start": { "line": 10, "column": 27 },
					"end": { "line": 24, "column": 2 }
				},
				"line": 10
			},
			"2": {
				"name": "getAllRaces",
				"decl": {
					"start": { "line": 26, "column": 0 },
					"end": { "line": 28, "column": 1 }
				},
				"loc": {
					"start": { "line": 26, "column": 0 },
					"end": { "line": 28, "column": 1 }
				},
				"line": 26
			}
		},
		"f": { "0": 2, "1": 5, "2": 2 }
	},
	"C:\\Users\\llewe\\Documents\\web\\projects\\mtb-races\\mtb-races-backend\\src\\apps\\revalidate\\revalidate.service.ts": {
		"path": "C:\\Users\\llewe\\Documents\\web\\projects\\mtb-races\\mtb-races-backend\\src\\apps\\revalidate\\revalidate.service.ts",
		"all": false,
		"statementMap": {
			"0": {
				"start": { "line": 1, "column": 0 },
				"end": { "line": 1, "column": 41 }
			},
			"2": {
				"start": { "line": 3, "column": 0 },
				"end": { "line": 3, "column": 73 }
			},
			"3": {
				"start": { "line": 4, "column": 0 },
				"end": { "line": 4, "column": 6 }
			},
			"4": {
				"start": { "line": 5, "column": 0 },
				"end": { "line": 5, "column": 61 }
			},
			"5": {
				"start": { "line": 6, "column": 0 },
				"end": { "line": 6, "column": 18 }
			},
			"6": {
				"start": { "line": 7, "column": 0 },
				"end": { "line": 7, "column": 13 }
			},
			"7": {
				"start": { "line": 8, "column": 0 },
				"end": { "line": 8, "column": 39 }
			},
			"8": {
				"start": { "line": 9, "column": 0 },
				"end": { "line": 9, "column": 5 }
			},
			"9": {
				"start": { "line": 10, "column": 0 },
				"end": { "line": 10, "column": 25 }
			},
			"10": {
				"start": { "line": 11, "column": 0 },
				"end": { "line": 11, "column": 8 }
			},
			"11": {
				"start": { "line": 12, "column": 0 },
				"end": { "line": 12, "column": 6 }
			},
			"12": {
				"start": { "line": 13, "column": 0 },
				"end": { "line": 13, "column": 5 }
			},
			"13": {
				"start": { "line": 14, "column": 0 },
				"end": { "line": 14, "column": 18 }
			},
			"14": {
				"start": { "line": 15, "column": 0 },
				"end": { "line": 15, "column": 63 }
			},
			"15": {
				"start": { "line": 16, "column": 0 },
				"end": { "line": 16, "column": 2 }
			},
			"16": {
				"start": { "line": 17, "column": 0 },
				"end": { "line": 17, "column": 1 }
			}
		},
		"s": {
			"0": 1,
			"2": 2,
			"3": 2,
			"4": 2,
			"5": 2,
			"6": 2,
			"7": 2,
			"8": 2,
			"9": 2,
			"10": 2,
			"11": 2,
			"12": 2,
			"13": 2,
			"14": 2,
			"15": 2,
			"16": 2
		},
		"branchMap": {
			"0": {
				"type": "branch",
				"line": 3,
				"loc": {
					"start": { "line": 3, "column": 0 },
					"end": { "line": 17, "column": 1 }
				},
				"locations": [
					{
						"start": { "line": 3, "column": 0 },
						"end": { "line": 17, "column": 1 }
					}
				]
			},
			"1": {
				"type": "branch",
				"line": 13,
				"loc": {
					"start": { "line": 13, "column": 3 },
					"end": { "line": 14, "column": 10 }
				},
				"locations": [
					{
						"start": { "line": 13, "column": 3 },
						"end": { "line": 14, "column": 10 }
					}
				]
			}
		},
		"b": { "0": [2], "1": [0] },
		"fnMap": {
			"0": {
				"name": "revalidateFrontendTag",
				"decl": {
					"start": { "line": 3, "column": 0 },
					"end": { "line": 17, "column": 1 }
				},
				"loc": {
					"start": { "line": 3, "column": 0 },
					"end": { "line": 17, "column": 1 }
				},
				"line": 3
			}
		},
		"f": { "0": 2 }
	},
	"C:\\Users\\llewe\\Documents\\web\\projects\\mtb-races\\mtb-races-backend\\src\\constants\\queueNames.ts": {
		"path": "C:\\Users\\llewe\\Documents\\web\\projects\\mtb-races\\mtb-races-backend\\src\\constants\\queueNames.ts",
		"all": false,
		"statementMap": {
			"0": {
				"start": { "line": 1, "column": 0 },
				"end": { "line": 1, "column": 50 }
			}
		},
		"s": { "0": 1 },
		"branchMap": {},
		"b": {},
		"fnMap": {},
		"f": {}
	},
	"C:\\Users\\llewe\\Documents\\web\\projects\\mtb-races\\mtb-races-backend\\src\\db\\index.ts": {
		"path": "C:\\Users\\llewe\\Documents\\web\\projects\\mtb-races\\mtb-races-backend\\src\\db\\index.ts",
		"all": false,
		"statementMap": {
			"0": {
				"start": { "line": 1, "column": 0 },
				"end": { "line": 1, "column": 52 }
			},
			"2": {
				"start": { "line": 3, "column": 0 },
				"end": { "line": 3, "column": 38 }
			},
			"4": {
				"start": { "line": 5, "column": 0 },
				"end": { "line": 5, "column": 42 }
			},
			"6": {
				"start": { "line": 7, "column": 0 },
				"end": { "line": 7, "column": 26 }
			},
			"7": {
				"start": { "line": 8, "column": 0 },
				"end": { "line": 8, "column": 6 }
			},
			"8": {
				"start": { "line": 9, "column": 0 },
				"end": { "line": 9, "column": 37 }
			},
			"9": {
				"start": { "line": 10, "column": 0 },
				"end": { "line": 10, "column": 60 }
			},
			"10": {
				"start": { "line": 11, "column": 0 },
				"end": { "line": 11, "column": 18 }
			},
			"11": {
				"start": { "line": 12, "column": 0 },
				"end": { "line": 12, "column": 49 }
			},
			"12": {
				"start": { "line": 13, "column": 0 },
				"end": { "line": 13, "column": 2 }
			},
			"13": {
				"start": { "line": 14, "column": 0 },
				"end": { "line": 14, "column": 1 }
			}
		},
		"s": {
			"0": 1,
			"2": 1,
			"4": 1,
			"6": 1,
			"7": 3,
			"8": 3,
			"9": 3,
			"10": 3,
			"11": 0,
			"12": 0,
			"13": 3
		},
		"branchMap": {
			"0": {
				"type": "branch",
				"line": 7,
				"loc": {
					"start": { "line": 7, "column": 7 },
					"end": { "line": 14, "column": 1 }
				},
				"locations": [
					{
						"start": { "line": 7, "column": 7 },
						"end": { "line": 14, "column": 1 }
					}
				]
			},
			"1": {
				"type": "branch",
				"line": 11,
				"loc": {
					"start": { "line": 11, "column": 1 },
					"end": { "line": 13, "column": 2 }
				},
				"locations": [
					{
						"start": { "line": 11, "column": 1 },
						"end": { "line": 13, "column": 2 }
					}
				]
			}
		},
		"b": { "0": [3], "1": [0] },
		"fnMap": {
			"0": {
				"name": "initDb",
				"decl": {
					"start": { "line": 7, "column": 7 },
					"end": { "line": 14, "column": 1 }
				},
				"loc": {
					"start": { "line": 7, "column": 7 },
					"end": { "line": 14, "column": 1 }
				},
				"line": 7
			}
		},
		"f": { "0": 3 }
	},
	"C:\\Users\\llewe\\Documents\\web\\projects\\mtb-races\\mtb-races-backend\\src\\db\\schema.ts": {
		"path": "C:\\Users\\llewe\\Documents\\web\\projects\\mtb-races\\mtb-races-backend\\src\\db\\schema.ts",
		"all": false,
		"statementMap": {
			"0": {
				"start": { "line": 1, "column": 0 },
				"end": { "line": 1, "column": 8 }
			},
			"8": {
				"start": { "line": 9, "column": 0 },
				"end": { "line": 9, "column": 55 }
			},
			"9": {
				"start": { "line": 10, "column": 0 },
				"end": { "line": 10, "column": 51 }
			},
			"11": {
				"start": { "line": 12, "column": 0 },
				"end": { "line": 12, "column": 61 }
			},
			"12": {
				"start": { "line": 13, "column": 0 },
				"end": { "line": 13, "column": 54 }
			},
			"14": {
				"start": { "line": 15, "column": 0 },
				"end": { "line": 15, "column": 44 }
			},
			"15": {
				"start": { "line": 16, "column": 0 },
				"end": { "line": 16, "column": 59 }
			},
			"16": {
				"start": { "line": 17, "column": 0 },
				"end": { "line": 17, "column": 42 }
			},
			"17": {
				"start": { "line": 18, "column": 0 },
				"end": { "line": 18, "column": 23 }
			},
			"18": {
				"start": { "line": 19, "column": 0 },
				"end": { "line": 19, "column": 36 }
			},
			"19": {
				"start": { "line": 20, "column": 0 },
				"end": { "line": 20, "column": 38 }
			},
			"20": {
				"start": { "line": 21, "column": 0 },
				"end": { "line": 21, "column": 24 }
			},
			"21": {
				"start": { "line": 22, "column": 0 },
				"end": { "line": 22, "column": 55 }
			},
			"22": {
				"start": { "line": 23, "column": 0 },
				"end": { "line": 23, "column": 23 }
			},
			"23": {
				"start": { "line": 24, "column": 0 },
				"end": { "line": 24, "column": 47 }
			},
			"24": {
				"start": { "line": 25, "column": 0 },
				"end": { "line": 25, "column": 23 }
			},
			"25": {
				"start": { "line": 26, "column": 0 },
				"end": { "line": 26, "column": 15 }
			},
			"26": {
				"start": { "line": 27, "column": 0 },
				"end": { "line": 27, "column": 30 }
			},
			"27": {
				"start": { "line": 28, "column": 0 },
				"end": { "line": 28, "column": 13 }
			},
			"28": {
				"start": { "line": 29, "column": 0 },
				"end": { "line": 29, "column": 3 }
			}
		},
		"s": {
			"0": 1,
			"8": 1,
			"9": 1,
			"11": 1,
			"12": 1,
			"14": 1,
			"15": 1,
			"16": 1,
			"17": 1,
			"18": 1,
			"19": 1,
			"20": 1,
			"21": 1,
			"22": 1,
			"23": 1,
			"24": 1,
			"25": 1,
			"26": 1,
			"27": 1,
			"28": 1
		},
		"branchMap": {
			"0": {
				"type": "branch",
				"line": 27,
				"loc": {
					"start": { "line": 27, "column": 13 },
					"end": { "line": 27, "column": 29 }
				},
				"locations": [
					{
						"start": { "line": 27, "column": 13 },
						"end": { "line": 27, "column": 29 }
					}
				]
			}
		},
		"b": { "0": [2] },
		"fnMap": {},
		"f": {}
	},
	"C:\\Users\\llewe\\Documents\\web\\projects\\mtb-races\\mtb-races-backend\\src\\enums\\RaceTypes.enum.ts": {
		"path": "C:\\Users\\llewe\\Documents\\web\\projects\\mtb-races\\mtb-races-backend\\src\\enums\\RaceTypes.enum.ts",
		"all": false,
		"statementMap": {
			"0": {
				"start": { "line": 1, "column": 0 },
				"end": { "line": 1, "column": 62 }
			},
			"2": {
				"start": { "line": 3, "column": 0 },
				"end": { "line": 3, "column": 23 }
			},
			"3": {
				"start": { "line": 4, "column": 0 },
				"end": { "line": 4, "column": 11 }
			},
			"4": {
				"start": { "line": 5, "column": 0 },
				"end": { "line": 5, "column": 19 }
			},
			"5": {
				"start": { "line": 6, "column": 0 },
				"end": { "line": 6, "column": 23 }
			},
			"8": {
				"start": { "line": 9, "column": 0 },
				"end": { "line": 9, "column": 56 }
			}
		},
		"s": { "0": 1, "2": 1, "3": 1, "4": 1, "5": 1, "8": 1 },
		"branchMap": {
			"0": {
				"type": "branch",
				"line": 3,
				"loc": {
					"start": { "line": 3, "column": 7 },
					"end": { "line": 3, "column": 23 }
				},
				"locations": [
					{
						"start": { "line": 3, "column": 7 },
						"end": { "line": 3, "column": 23 }
					}
				]
			}
		},
		"b": { "0": [3] },
		"fnMap": {},
		"f": {}
	},
	"C:\\Users\\llewe\\Documents\\web\\projects\\mtb-races\\mtb-races-backend\\src\\enums\\Sources.enum.ts": {
		"path": "C:\\Users\\llewe\\Documents\\web\\projects\\mtb-races\\mtb-races-backend\\src\\enums\\Sources.enum.ts",
		"all": false,
		"statementMap": {
			"0": {
				"start": { "line": 1, "column": 0 },
				"end": { "line": 1, "column": 62 }
			},
			"2": {
				"start": { "line": 3, "column": 0 },
				"end": { "line": 3, "column": 21 }
			},
			"3": {
				"start": { "line": 4, "column": 0 },
				"end": { "line": 4, "column": 27 }
			},
			"6": {
				"start": { "line": 7, "column": 0 },
				"end": { "line": 7, "column": 56 }
			}
		},
		"s": { "0": 1, "2": 1, "3": 1, "6": 1 },
		"branchMap": {
			"0": {
				"type": "branch",
				"line": 3,
				"loc": {
					"start": { "line": 3, "column": 7 },
					"end": { "line": 3, "column": 21 }
				},
				"locations": [
					{
						"start": { "line": 3, "column": 7 },
						"end": { "line": 3, "column": 21 }
					}
				]
			}
		},
		"b": { "0": [3] },
		"fnMap": {},
		"f": {}
	},
	"C:\\Users\\llewe\\Documents\\web\\projects\\mtb-races\\mtb-races-backend\\src\\lib\\queues\\queues.ts": {
		"path": "C:\\Users\\llewe\\Documents\\web\\projects\\mtb-races\\mtb-races-backend\\src\\lib\\queues\\queues.ts",
		"all": false,
		"statementMap": {
			"0": {
				"start": { "line": 1, "column": 0 },
				"end": { "line": 1, "column": 38 }
			},
			"1": {
				"start": { "line": 2, "column": 0 },
				"end": { "line": 2, "column": 79 }
			},
			"3": {
				"start": { "line": 4, "column": 0 },
				"end": { "line": 4, "column": 41 }
			},
			"5": {
				"start": { "line": 6, "column": 0 },
				"end": { "line": 6, "column": 53 }
			},
			"7": {
				"start": { "line": 8, "column": 0 },
				"end": { "line": 8, "column": 53 }
			},
			"9": {
				"start": { "line": 10, "column": 0 },
				"end": { "line": 10, "column": 59 }
			},
			"11": {
				"start": { "line": 12, "column": 0 },
				"end": { "line": 12, "column": 37 }
			},
			"12": {
				"start": { "line": 13, "column": 0 },
				"end": { "line": 13, "column": 27 }
			},
			"13": {
				"start": { "line": 14, "column": 0 },
				"end": { "line": 14, "column": 36 }
			},
			"14": {
				"start": { "line": 15, "column": 0 },
				"end": { "line": 15, "column": 18 }
			},
			"15": {
				"start": { "line": 16, "column": 0 },
				"end": { "line": 16, "column": 4 }
			},
			"16": {
				"start": { "line": 17, "column": 0 },
				"end": { "line": 17, "column": 1 }
			},
			"18": {
				"start": { "line": 19, "column": 0 },
				"end": { "line": 19, "column": 50 }
			},
			"19": {
				"start": { "line": 20, "column": 0 },
				"end": { "line": 20, "column": 38 }
			},
			"20": {
				"start": { "line": 21, "column": 0 },
				"end": { "line": 21, "column": 1 }
			},
			"22": {
				"start": { "line": 23, "column": 0 },
				"end": { "line": 23, "column": 52 }
			},
			"23": {
				"start": { "line": 24, "column": 0 },
				"end": { "line": 24, "column": 15 }
			},
			"24": {
				"start": { "line": 25, "column": 0 },
				"end": { "line": 25, "column": 14 }
			},
			"25": {
				"start": { "line": 26, "column": 0 },
				"end": { "line": 26, "column": 9 }
			},
			"26": {
				"start": { "line": 27, "column": 0 },
				"end": { "line": 27, "column": 3 }
			},
			"27": {
				"start": { "line": 28, "column": 0 },
				"end": { "line": 28, "column": 47 }
			},
			"28": {
				"start": { "line": 29, "column": 0 },
				"end": { "line": 29, "column": 1 }
			},
			"30": {
				"start": { "line": 31, "column": 0 },
				"end": { "line": 31, "column": 48 }
			},
			"31": {
				"start": { "line": 32, "column": 0 },
				"end": { "line": 32, "column": 15 }
			},
			"32": {
				"start": { "line": 33, "column": 0 },
				"end": { "line": 33, "column": 9 }
			},
			"33": {
				"start": { "line": 34, "column": 0 },
				"end": { "line": 34, "column": 27 }
			},
			"34": {
				"start": { "line": 35, "column": 0 },
				"end": { "line": 35, "column": 38 }
			},
			"35": {
				"start": { "line": 36, "column": 0 },
				"end": { "line": 36, "column": 1 }
			},
			"37": {
				"start": { "line": 38, "column": 0 },
				"end": { "line": 38, "column": 50 }
			},
			"38": {
				"start": { "line": 39, "column": 0 },
				"end": { "line": 39, "column": 15 }
			},
			"39": {
				"start": { "line": 40, "column": 0 },
				"end": { "line": 40, "column": 45 }
			},
			"40": {
				"start": { "line": 41, "column": 0 },
				"end": { "line": 41, "column": 3 }
			},
			"41": {
				"start": { "line": 42, "column": 0 },
				"end": { "line": 42, "column": 41 }
			},
			"42": {
				"start": { "line": 43, "column": 0 },
				"end": { "line": 43, "column": 1 }
			},
			"44": {
				"start": { "line": 45, "column": 0 },
				"end": { "line": 45, "column": 61 }
			},
			"45": {
				"start": { "line": 46, "column": 0 },
				"end": { "line": 46, "column": 38 }
			},
			"46": {
				"start": { "line": 47, "column": 0 },
				"end": { "line": 47, "column": 1 }
			}
		},
		"s": {
			"0": 1,
			"1": 1,
			"3": 1,
			"5": 1,
			"7": 1,
			"9": 1,
			"11": 3,
			"12": 3,
			"13": 3,
			"14": 3,
			"15": 3,
			"16": 3,
			"18": 3,
			"19": 3,
			"20": 3,
			"22": 3,
			"23": 3,
			"24": 3,
			"25": 3,
			"26": 3,
			"27": 3,
			"28": 3,
			"30": 0,
			"31": 0,
			"32": 0,
			"33": 0,
			"34": 0,
			"35": 0,
			"37": 3,
			"38": 3,
			"39": 3,
			"40": 3,
			"41": 3,
			"42": 3,
			"44": 3,
			"45": 3,
			"46": 3
		},
		"branchMap": {
			"0": {
				"type": "branch",
				"line": 12,
				"loc": {
					"start": { "line": 12, "column": 0 },
					"end": { "line": 17, "column": 1 }
				},
				"locations": [
					{
						"start": { "line": 12, "column": 0 },
						"end": { "line": 17, "column": 1 }
					}
				]
			},
			"1": {
				"type": "branch",
				"line": 14,
				"loc": {
					"start": { "line": 14, "column": 16 },
					"end": { "line": 16, "column": 2 }
				},
				"locations": [
					{
						"start": { "line": 14, "column": 16 },
						"end": { "line": 16, "column": 2 }
					}
				]
			},
			"2": {
				"type": "branch",
				"line": 19,
				"loc": {
					"start": { "line": 19, "column": 0 },
					"end": { "line": 21, "column": 1 }
				},
				"locations": [
					{
						"start": { "line": 19, "column": 0 },
						"end": { "line": 21, "column": 1 }
					}
				]
			},
			"3": {
				"type": "branch",
				"line": 23,
				"loc": {
					"start": { "line": 23, "column": 0 },
					"end": { "line": 29, "column": 1 }
				},
				"locations": [
					{
						"start": { "line": 23, "column": 0 },
						"end": { "line": 29, "column": 1 }
					}
				]
			},
			"4": {
				"type": "branch",
				"line": 38,
				"loc": {
					"start": { "line": 38, "column": 0 },
					"end": { "line": 43, "column": 1 }
				},
				"locations": [
					{
						"start": { "line": 38, "column": 0 },
						"end": { "line": 43, "column": 1 }
					}
				]
			},
			"5": {
				"type": "branch",
				"line": 45,
				"loc": {
					"start": { "line": 45, "column": 0 },
					"end": { "line": 47, "column": 1 }
				},
				"locations": [
					{
						"start": { "line": 45, "column": 0 },
						"end": { "line": 47, "column": 1 }
					}
				]
			}
		},
		"b": { "0": [3], "1": [3], "2": [3], "3": [3], "4": [3], "5": [3] },
		"fnMap": {
			"0": {
				"name": "startPGBoss",
				"decl": {
					"start": { "line": 12, "column": 0 },
					"end": { "line": 17, "column": 1 }
				},
				"loc": {
					"start": { "line": 12, "column": 0 },
					"end": { "line": 17, "column": 1 }
				},
				"line": 12
			},
			"1": {
				"name": "createQueue",
				"decl": {
					"start": { "line": 19, "column": 0 },
					"end": { "line": 21, "column": 1 }
				},
				"loc": {
					"start": { "line": 19, "column": 0 },
					"end": { "line": 21, "column": 1 }
				},
				"line": 19
			},
			"2": {
				"name": "scheduleJob",
				"decl": {
					"start": { "line": 23, "column": 0 },
					"end": { "line": 29, "column": 1 }
				},
				"loc": {
					"start": { "line": 23, "column": 0 },
					"end": { "line": 29, "column": 1 }
				},
				"line": 23
			},
			"3": {
				"name": "sendJob",
				"decl": {
					"start": { "line": 31, "column": 0 },
					"end": { "line": 36, "column": 1 }
				},
				"loc": {
					"start": { "line": 31, "column": 0 },
					"end": { "line": 36, "column": 1 }
				},
				"line": 31
			},
			"4": {
				"name": "addWorker",
				"decl": {
					"start": { "line": 38, "column": 0 },
					"end": { "line": 43, "column": 1 }
				},
				"loc": {
					"start": { "line": 38, "column": 0 },
					"end": { "line": 43, "column": 1 }
				},
				"line": 38
			},
			"5": {
				"name": "failJob",
				"decl": {
					"start": { "line": 45, "column": 0 },
					"end": { "line": 47, "column": 1 }
				},
				"loc": {
					"start": { "line": 45, "column": 0 },
					"end": { "line": 47, "column": 1 }
				},
				"line": 45
			}
		},
		"f": { "0": 3, "1": 3, "2": 3, "3": 0, "4": 3, "5": 3 }
	},
	"C:\\Users\\llewe\\Documents\\web\\projects\\mtb-races\\mtb-races-backend\\src\\lib\\scrapers\\si-entries\\si-entries-scraper.ts": {
		"path": "C:\\Users\\llewe\\Documents\\web\\projects\\mtb-races\\mtb-races-backend\\src\\lib\\scrapers\\si-entries\\si-entries-scraper.ts",
		"all": false,
		"statementMap": {
			"0": {
				"start": { "line": 1, "column": 0 },
				"end": { "line": 1, "column": 34 }
			},
			"3": {
				"start": { "line": 4, "column": 0 },
				"end": { "line": 4, "column": 54 }
			},
			"4": {
				"start": { "line": 5, "column": 0 },
				"end": { "line": 5, "column": 61 }
			},
			"6": {
				"start": { "line": 7, "column": 0 },
				"end": { "line": 7, "column": 57 }
			},
			"7": {
				"start": { "line": 8, "column": 0 },
				"end": { "line": 8, "column": 23 }
			},
			"8": {
				"start": { "line": 9, "column": 0 },
				"end": { "line": 9, "column": 81 }
			},
			"10": {
				"start": { "line": 11, "column": 0 },
				"end": { "line": 11, "column": 27 }
			},
			"11": {
				"start": { "line": 12, "column": 0 },
				"end": { "line": 12, "column": 32 }
			},
			"12": {
				"start": { "line": 13, "column": 0 },
				"end": { "line": 13, "column": 34 }
			},
			"13": {
				"start": { "line": 14, "column": 0 },
				"end": { "line": 14, "column": 31 }
			},
			"14": {
				"start": { "line": 15, "column": 0 },
				"end": { "line": 15, "column": 2 }
			},
			"16": {
				"start": { "line": 17, "column": 0 },
				"end": { "line": 17, "column": 35 }
			},
			"17": {
				"start": { "line": 18, "column": 0 },
				"end": { "line": 18, "column": 72 }
			},
			"18": {
				"start": { "line": 19, "column": 0 },
				"end": { "line": 19, "column": 2 }
			},
			"20": {
				"start": { "line": 21, "column": 0 },
				"end": { "line": 21, "column": 68 }
			},
			"21": {
				"start": { "line": 22, "column": 0 },
				"end": { "line": 22, "column": 13 }
			},
			"22": {
				"start": { "line": 23, "column": 0 },
				"end": { "line": 23, "column": 6 }
			},
			"23": {
				"start": { "line": 24, "column": 0 },
				"end": { "line": 24, "column": 55 }
			},
			"24": {
				"start": { "line": 25, "column": 0 },
				"end": { "line": 25, "column": 39 }
			},
			"26": {
				"start": { "line": 27, "column": 0 },
				"end": { "line": 27, "column": 36 }
			},
			"27": {
				"start": { "line": 28, "column": 0 },
				"end": { "line": 28, "column": 29 }
			},
			"28": {
				"start": { "line": 29, "column": 0 },
				"end": { "line": 29, "column": 18 }
			},
			"29": {
				"start": { "line": 30, "column": 0 },
				"end": { "line": 30, "column": 5 }
			},
			"31": {
				"start": { "line": 32, "column": 0 },
				"end": { "line": 32, "column": 52 }
			},
			"32": {
				"start": { "line": 33, "column": 0 },
				"end": { "line": 33, "column": 27 }
			},
			"33": {
				"start": { "line": 34, "column": 0 },
				"end": { "line": 34, "column": 4 }
			},
			"35": {
				"start": { "line": 36, "column": 0 },
				"end": { "line": 36, "column": 33 }
			},
			"36": {
				"start": { "line": 37, "column": 0 },
				"end": { "line": 37, "column": 18 }
			},
			"37": {
				"start": { "line": 38, "column": 0 },
				"end": { "line": 38, "column": 49 }
			},
			"38": {
				"start": { "line": 39, "column": 0 },
				"end": { "line": 39, "column": 14 }
			},
			"39": {
				"start": { "line": 40, "column": 0 },
				"end": { "line": 40, "column": 12 }
			},
			"40": {
				"start": { "line": 41, "column": 0 },
				"end": { "line": 41, "column": 16 }
			},
			"41": {
				"start": { "line": 42, "column": 0 },
				"end": { "line": 42, "column": 25 }
			},
			"42": {
				"start": { "line": 43, "column": 0 },
				"end": { "line": 43, "column": 3 }
			},
			"43": {
				"start": { "line": 44, "column": 0 },
				"end": { "line": 44, "column": 2 }
			},
			"44": {
				"start": { "line": 45, "column": 0 },
				"end": { "line": 45, "column": 2 }
			},
			"46": {
				"start": { "line": 47, "column": 0 },
				"end": { "line": 47, "column": 43 }
			},
			"47": {
				"start": { "line": 48, "column": 0 },
				"end": { "line": 48, "column": 31 }
			},
			"48": {
				"start": { "line": 49, "column": 0 },
				"end": { "line": 49, "column": 57 }
			},
			"49": {
				"start": { "line": 50, "column": 0 },
				"end": { "line": 50, "column": 3 }
			},
			"51": {
				"start": { "line": 52, "column": 0 },
				"end": { "line": 52, "column": 70 }
			},
			"52": {
				"start": { "line": 53, "column": 0 },
				"end": { "line": 53, "column": 20 }
			},
			"53": {
				"start": { "line": 54, "column": 0 },
				"end": { "line": 54, "column": 62 }
			},
			"54": {
				"start": { "line": 55, "column": 0 },
				"end": { "line": 55, "column": 32 }
			},
			"55": {
				"start": { "line": 56, "column": 0 },
				"end": { "line": 56, "column": 59 }
			},
			"56": {
				"start": { "line": 57, "column": 0 },
				"end": { "line": 57, "column": 5 }
			},
			"57": {
				"start": { "line": 58, "column": 0 },
				"end": { "line": 58, "column": 65 }
			},
			"58": {
				"start": { "line": 59, "column": 0 },
				"end": { "line": 59, "column": 3 }
			},
			"59": {
				"start": { "line": 60, "column": 0 },
				"end": { "line": 60, "column": 14 }
			},
			"60": {
				"start": { "line": 61, "column": 0 },
				"end": { "line": 61, "column": 3 }
			},
			"62": {
				"start": { "line": 63, "column": 0 },
				"end": { "line": 63, "column": 18 }
			},
			"63": {
				"start": { "line": 64, "column": 0 },
				"end": { "line": 64, "column": 40 }
			},
			"64": {
				"start": { "line": 65, "column": 0 },
				"end": { "line": 65, "column": 32 }
			},
			"65": {
				"start": { "line": 66, "column": 0 },
				"end": { "line": 66, "column": 13 }
			},
			"66": {
				"start": { "line": 67, "column": 0 },
				"end": { "line": 67, "column": 11 }
			},
			"67": {
				"start": { "line": 68, "column": 0 },
				"end": { "line": 68, "column": 33 }
			},
			"68": {
				"start": { "line": 69, "column": 0 },
				"end": { "line": 69, "column": 54 }
			},
			"69": {
				"start": { "line": 70, "column": 0 },
				"end": { "line": 70, "column": 7 }
			},
			"70": {
				"start": { "line": 71, "column": 0 },
				"end": { "line": 71, "column": 66 }
			},
			"71": {
				"start": { "line": 72, "column": 0 },
				"end": { "line": 72, "column": 9 }
			},
			"72": {
				"start": { "line": 73, "column": 0 },
				"end": { "line": 73, "column": 23 }
			},
			"73": {
				"start": { "line": 74, "column": 0 },
				"end": { "line": 74, "column": 31 }
			},
			"74": {
				"start": { "line": 75, "column": 0 },
				"end": { "line": 75, "column": 40 }
			},
			"75": {
				"start": { "line": 76, "column": 0 },
				"end": { "line": 76, "column": 29 }
			},
			"76": {
				"start": { "line": 77, "column": 0 },
				"end": { "line": 77, "column": 22 }
			},
			"77": {
				"start": { "line": 78, "column": 0 },
				"end": { "line": 78, "column": 12 }
			},
			"78": {
				"start": { "line": 79, "column": 0 },
				"end": { "line": 79, "column": 11 }
			},
			"79": {
				"start": { "line": 80, "column": 0 },
				"end": { "line": 80, "column": 39 }
			},
			"80": {
				"start": { "line": 81, "column": 0 },
				"end": { "line": 81, "column": 37 }
			},
			"81": {
				"start": { "line": 82, "column": 0 },
				"end": { "line": 82, "column": 16 }
			},
			"82": {
				"start": { "line": 83, "column": 0 },
				"end": { "line": 83, "column": 65 }
			},
			"83": {
				"start": { "line": 84, "column": 0 },
				"end": { "line": 84, "column": 9 }
			},
			"84": {
				"start": { "line": 85, "column": 0 },
				"end": { "line": 85, "column": 6 }
			},
			"85": {
				"start": { "line": 86, "column": 0 },
				"end": { "line": 86, "column": 1 }
			},
			"87": {
				"start": { "line": 88, "column": 0 },
				"end": { "line": 88, "column": 53 }
			},
			"88": {
				"start": { "line": 89, "column": 0 },
				"end": { "line": 89, "column": 26 }
			},
			"89": {
				"start": { "line": 90, "column": 0 },
				"end": { "line": 90, "column": 61 }
			},
			"90": {
				"start": { "line": 91, "column": 0 },
				"end": { "line": 91, "column": 33 }
			},
			"91": {
				"start": { "line": 92, "column": 0 },
				"end": { "line": 92, "column": 14 }
			},
			"92": {
				"start": { "line": 93, "column": 0 },
				"end": { "line": 93, "column": 4 }
			},
			"94": {
				"start": { "line": 95, "column": 0 },
				"end": { "line": 95, "column": 35 }
			},
			"96": {
				"start": { "line": 97, "column": 0 },
				"end": { "line": 97, "column": 11 }
			},
			"97": {
				"start": { "line": 98, "column": 0 },
				"end": { "line": 98, "column": 5 }
			},
			"98": {
				"start": { "line": 99, "column": 0 },
				"end": { "line": 99, "column": 21 }
			},
			"99": {
				"start": { "line": 100, "column": 0 },
				"end": { "line": 100, "column": 44 }
			},
			"100": {
				"start": { "line": 101, "column": 0 },
				"end": { "line": 101, "column": 47 }
			},
			"101": {
				"start": { "line": 102, "column": 0 },
				"end": { "line": 102, "column": 28 }
			},
			"102": {
				"start": { "line": 103, "column": 0 },
				"end": { "line": 103, "column": 21 }
			},
			"103": {
				"start": { "line": 104, "column": 0 },
				"end": { "line": 104, "column": 41 }
			},
			"104": {
				"start": { "line": 105, "column": 0 },
				"end": { "line": 105, "column": 32 }
			},
			"105": {
				"start": { "line": 106, "column": 0 },
				"end": { "line": 106, "column": 6 }
			},
			"106": {
				"start": { "line": 107, "column": 0 },
				"end": { "line": 107, "column": 5 }
			},
			"107": {
				"start": { "line": 108, "column": 0 },
				"end": { "line": 108, "column": 4 }
			},
			"108": {
				"start": { "line": 109, "column": 0 },
				"end": { "line": 109, "column": 3 }
			},
			"109": {
				"start": { "line": 110, "column": 0 },
				"end": { "line": 110, "column": 1 }
			}
		},
		"s": {
			"0": 1,
			"3": 1,
			"4": 1,
			"6": 1,
			"7": 1,
			"8": 1,
			"10": 1,
			"11": 1,
			"12": 1,
			"13": 1,
			"14": 1,
			"16": 1,
			"17": 2,
			"18": 2,
			"20": 1,
			"21": 0,
			"22": 0,
			"23": 0,
			"24": 0,
			"26": 0,
			"27": 0,
			"28": 0,
			"29": 0,
			"31": 0,
			"32": 0,
			"33": 0,
			"35": 0,
			"36": 0,
			"37": 0,
			"38": 0,
			"39": 0,
			"40": 0,
			"41": 0,
			"42": 0,
			"43": 0,
			"44": 0,
			"46": 1,
			"47": 0,
			"48": 0,
			"49": 0,
			"51": 0,
			"52": 0,
			"53": 0,
			"54": 0,
			"55": 0,
			"56": 0,
			"57": 0,
			"58": 0,
			"59": 0,
			"60": 0,
			"62": 0,
			"63": 0,
			"64": 0,
			"65": 0,
			"66": 0,
			"67": 0,
			"68": 0,
			"69": 0,
			"70": 0,
			"71": 0,
			"72": 0,
			"73": 0,
			"74": 0,
			"75": 0,
			"76": 0,
			"77": 0,
			"78": 0,
			"79": 0,
			"80": 0,
			"81": 0,
			"82": 0,
			"83": 0,
			"84": 0,
			"85": 0,
			"87": 1,
			"88": 1,
			"89": 1,
			"90": 4,
			"91": 2,
			"92": 2,
			"94": 2,
			"96": 2,
			"97": 2,
			"98": 2,
			"99": 2,
			"100": 4,
			"101": 4,
			"102": 4,
			"103": 4,
			"104": 4,
			"105": 4,
			"106": 4,
			"107": 4,
			"108": 1,
			"109": 1
		},
		"branchMap": {
			"0": {
				"type": "branch",
				"line": 17,
				"loc": {
					"start": { "line": 17, "column": 16 },
					"end": { "line": 19, "column": 2 }
				},
				"locations": [
					{
						"start": { "line": 17, "column": 16 },
						"end": { "line": 19, "column": 2 }
					}
				]
			},
			"1": {
				"type": "branch",
				"line": 18,
				"loc": {
					"start": { "line": 18, "column": 64 },
					"end": { "line": 18, "column": 72 }
				},
				"locations": [
					{
						"start": { "line": 18, "column": 64 },
						"end": { "line": 18, "column": 72 }
					}
				]
			},
			"2": {
				"type": "branch",
				"line": 88,
				"loc": {
					"start": { "line": 88, "column": 7 },
					"end": { "line": 110, "column": 1 }
				},
				"locations": [
					{
						"start": { "line": 88, "column": 7 },
						"end": { "line": 110, "column": 1 }
					}
				]
			},
			"3": {
				"type": "branch",
				"line": 90,
				"loc": {
					"start": { "line": 90, "column": 2 },
					"end": { "line": 108, "column": 4 }
				},
				"locations": [
					{
						"start": { "line": 90, "column": 2 },
						"end": { "line": 108, "column": 4 }
					}
				]
			},
			"4": {
				"type": "branch",
				"line": 91,
				"loc": {
					"start": { "line": 91, "column": 8 },
					"end": { "line": 91, "column": 32 }
				},
				"locations": [
					{
						"start": { "line": 91, "column": 8 },
						"end": { "line": 91, "column": 32 }
					}
				]
			},
			"5": {
				"type": "branch",
				"line": 91,
				"loc": {
					"start": { "line": 91, "column": 32 },
					"end": { "line": 101, "column": 42 }
				},
				"locations": [
					{
						"start": { "line": 91, "column": 32 },
						"end": { "line": 101, "column": 42 }
					}
				]
			},
			"6": {
				"type": "branch",
				"line": 101,
				"loc": {
					"start": { "line": 101, "column": 38 },
					"end": { "line": 101, "column": 47 }
				},
				"locations": [
					{
						"start": { "line": 101, "column": 38 },
						"end": { "line": 101, "column": 47 }
					}
				]
			}
		},
		"b": {
			"0": [2],
			"1": [0],
			"2": [1],
			"3": [4],
			"4": [3],
			"5": [2],
			"6": [0]
		},
		"fnMap": {
			"0": {
				"name": "mapType",
				"decl": {
					"start": { "line": 17, "column": 16 },
					"end": { "line": 19, "column": 2 }
				},
				"loc": {
					"start": { "line": 17, "column": 16 },
					"end": { "line": 19, "column": 2 }
				},
				"line": 17
			},
			"1": {
				"name": "scrapeSIEntries",
				"decl": {
					"start": { "line": 21, "column": 31 },
					"end": { "line": 45, "column": 2 }
				},
				"loc": {
					"start": { "line": 21, "column": 31 },
					"end": { "line": 45, "column": 2 }
				},
				"line": 21
			},
			"2": {
				"name": "sIEntriesExtractFromDOM",
				"decl": {
					"start": { "line": 47, "column": 7 },
					"end": { "line": 86, "column": 1 }
				},
				"loc": {
					"start": { "line": 47, "column": 7 },
					"end": { "line": 86, "column": 1 }
				},
				"line": 47
			},
			"3": {
				"name": "mapRawEvents",
				"decl": {
					"start": { "line": 88, "column": 7 },
					"end": { "line": 110, "column": 1 }
				},
				"loc": {
					"start": { "line": 88, "column": 7 },
					"end": { "line": 110, "column": 1 }
				},
				"line": 88
			}
		},
		"f": { "0": 2, "1": 0, "2": 0, "3": 1 }
	},
	"C:\\Users\\llewe\\Documents\\web\\projects\\mtb-races\\mtb-races-backend\\src\\lib\\utils\\createApp.ts": {
		"path": "C:\\Users\\llewe\\Documents\\web\\projects\\mtb-races\\mtb-races-backend\\src\\lib\\utils\\createApp.ts",
		"all": false,
		"statementMap": {
			"0": {
				"start": { "line": 1, "column": 0 },
				"end": { "line": 1, "column": 43 }
			},
			"1": {
				"start": { "line": 2, "column": 0 },
				"end": { "line": 2, "column": 40 }
			},
			"2": {
				"start": { "line": 3, "column": 0 },
				"end": { "line": 3, "column": 50 }
			},
			"3": {
				"start": { "line": 4, "column": 0 },
				"end": { "line": 4, "column": 43 }
			},
			"5": {
				"start": { "line": 6, "column": 0 },
				"end": { "line": 6, "column": 53 }
			},
			"6": {
				"start": { "line": 7, "column": 0 },
				"end": { "line": 7, "column": 21 }
			},
			"7": {
				"start": { "line": 8, "column": 0 },
				"end": { "line": 8, "column": 10 }
			},
			"8": {
				"start": { "line": 9, "column": 0 },
				"end": { "line": 9, "column": 23 }
			},
			"10": {
				"start": { "line": 11, "column": 0 },
				"end": { "line": 11, "column": 27 }
			},
			"11": {
				"start": { "line": 12, "column": 0 },
				"end": { "line": 12, "column": 26 }
			},
			"12": {
				"start": { "line": 13, "column": 0 },
				"end": { "line": 13, "column": 4 }
			},
			"14": {
				"start": { "line": 15, "column": 0 },
				"end": { "line": 15, "column": 33 }
			},
			"15": {
				"start": { "line": 16, "column": 0 },
				"end": { "line": 16, "column": 13 }
			},
			"16": {
				"start": { "line": 17, "column": 0 },
				"end": { "line": 17, "column": 4 }
			},
			"18": {
				"start": { "line": 19, "column": 0 },
				"end": { "line": 19, "column": 28 }
			},
			"20": {
				"start": { "line": 21, "column": 0 },
				"end": { "line": 21, "column": 12 }
			},
			"21": {
				"start": { "line": 22, "column": 0 },
				"end": { "line": 22, "column": 1 }
			}
		},
		"s": {
			"0": 1,
			"1": 1,
			"2": 1,
			"3": 1,
			"5": 3,
			"6": 3,
			"7": 3,
			"8": 3,
			"10": 3,
			"11": 0,
			"12": 3,
			"14": 3,
			"15": 0,
			"16": 3,
			"18": 3,
			"20": 3,
			"21": 3
		},
		"branchMap": {
			"0": {
				"type": "branch",
				"line": 6,
				"loc": {
					"start": { "line": 6, "column": 0 },
					"end": { "line": 22, "column": 1 }
				},
				"locations": [
					{
						"start": { "line": 6, "column": 0 },
						"end": { "line": 22, "column": 1 }
					}
				]
			}
		},
		"b": { "0": [3] },
		"fnMap": {
			"0": {
				"name": "createApp",
				"decl": {
					"start": { "line": 6, "column": 0 },
					"end": { "line": 22, "column": 1 }
				},
				"loc": {
					"start": { "line": 6, "column": 0 },
					"end": { "line": 22, "column": 1 }
				},
				"line": 6
			}
		},
		"f": { "0": 3 }
	},
	"C:\\Users\\llewe\\Documents\\web\\projects\\mtb-races\\mtb-races-backend\\src\\lib\\utils\\getEnumValues.ts": {
		"path": "C:\\Users\\llewe\\Documents\\web\\projects\\mtb-races\\mtb-races-backend\\src\\lib\\utils\\getEnumValues.ts",
		"all": false,
		"statementMap": {
			"0": {
				"start": { "line": 1, "column": 0 },
				"end": { "line": 1, "column": 58 }
			},
			"1": {
				"start": { "line": 2, "column": 0 },
				"end": { "line": 2, "column": 38 }
			},
			"2": {
				"start": { "line": 3, "column": 0 },
				"end": { "line": 3, "column": 39 }
			},
			"3": {
				"start": { "line": 4, "column": 0 },
				"end": { "line": 4, "column": 15 }
			},
			"4": {
				"start": { "line": 5, "column": 0 },
				"end": { "line": 5, "column": 1 }
			}
		},
		"s": { "0": 1, "1": 6, "2": 6, "3": 6, "4": 6 },
		"branchMap": {
			"0": {
				"type": "branch",
				"line": 1,
				"loc": {
					"start": { "line": 1, "column": 7 },
					"end": { "line": 5, "column": 1 }
				},
				"locations": [
					{
						"start": { "line": 1, "column": 7 },
						"end": { "line": 5, "column": 1 }
					}
				]
			},
			"1": {
				"type": "branch",
				"line": 3,
				"loc": {
					"start": { "line": 3, "column": 2 },
					"end": { "line": 3, "column": 39 }
				},
				"locations": [
					{
						"start": { "line": 3, "column": 2 },
						"end": { "line": 3, "column": 39 }
					}
				]
			}
		},
		"b": { "0": [6], "1": [12] },
		"fnMap": {
			"0": {
				"name": "getEnumValues",
				"decl": {
					"start": { "line": 1, "column": 7 },
					"end": { "line": 5, "column": 1 }
				},
				"loc": {
					"start": { "line": 1, "column": 7 },
					"end": { "line": 5, "column": 1 }
				},
				"line": 1
			}
		},
		"f": { "0": 6 }
	},
	"C:\\Users\\llewe\\Documents\\web\\projects\\mtb-races\\mtb-races-backend\\src\\lib\\utils\\stringToMD5.ts": {
		"path": "C:\\Users\\llewe\\Documents\\web\\projects\\mtb-races\\mtb-races-backend\\src\\lib\\utils\\stringToMD5.ts",
		"all": false,
		"statementMap": {
			"0": {
				"start": { "line": 1, "column": 0 },
				"end": { "line": 1, "column": 36 }
			},
			"2": {
				"start": { "line": 3, "column": 0 },
				"end": { "line": 3, "column": 44 }
			},
			"3": {
				"start": { "line": 4, "column": 0 },
				"end": { "line": 4, "column": 55 }
			},
			"4": {
				"start": { "line": 5, "column": 0 },
				"end": { "line": 5, "column": 1 }
			},
			"6": {
				"start": { "line": 7, "column": 0 },
				"end": { "line": 7, "column": 57 }
			},
			"7": {
				"start": { "line": 8, "column": 0 },
				"end": { "line": 8, "column": 19 }
			},
			"8": {
				"start": { "line": 9, "column": 0 },
				"end": { "line": 9, "column": 59 }
			},
			"9": {
				"start": { "line": 10, "column": 0 },
				"end": { "line": 10, "column": 23 }
			},
			"10": {
				"start": { "line": 11, "column": 0 },
				"end": { "line": 11, "column": 18 }
			},
			"11": {
				"start": { "line": 12, "column": 0 },
				"end": { "line": 12, "column": 3 }
			},
			"12": {
				"start": { "line": 13, "column": 0 },
				"end": { "line": 13, "column": 1 }
			}
		},
		"s": {
			"0": 1,
			"2": 1,
			"3": 2,
			"4": 2,
			"6": 1,
			"7": 2,
			"8": 2,
			"9": 2,
			"10": 2,
			"11": 2,
			"12": 2
		},
		"branchMap": {
			"0": {
				"type": "branch",
				"line": 3,
				"loc": {
					"start": { "line": 3, "column": 7 },
					"end": { "line": 5, "column": 1 }
				},
				"locations": [
					{
						"start": { "line": 3, "column": 7 },
						"end": { "line": 5, "column": 1 }
					}
				]
			},
			"1": {
				"type": "branch",
				"line": 7,
				"loc": {
					"start": { "line": 7, "column": 7 },
					"end": { "line": 13, "column": 1 }
				},
				"locations": [
					{
						"start": { "line": 7, "column": 7 },
						"end": { "line": 13, "column": 1 }
					}
				]
			}
		},
		"b": { "0": [2], "1": [2] },
		"fnMap": {
			"0": {
				"name": "hashString",
				"decl": {
					"start": { "line": 3, "column": 7 },
					"end": { "line": 5, "column": 1 }
				},
				"loc": {
					"start": { "line": 3, "column": 7 },
					"end": { "line": 5, "column": 1 }
				},
				"line": 3
			},
			"1": {
				"name": "hashRace",
				"decl": {
					"start": { "line": 7, "column": 7 },
					"end": { "line": 13, "column": 1 }
				},
				"loc": {
					"start": { "line": 7, "column": 7 },
					"end": { "line": 13, "column": 1 }
				},
				"line": 7
			}
		},
		"f": { "0": 2, "1": 2 }
	},
	"C:\\Users\\llewe\\Documents\\web\\projects\\mtb-races\\mtb-races-backend\\src\\lib\\utils\\test-helpers\\wait-for-job-status.ts": {
		"path": "C:\\Users\\llewe\\Documents\\web\\projects\\mtb-races\\mtb-races-backend\\src\\lib\\utils\\test-helpers\\wait-for-job-status.ts",
		"all": false,
		"statementMap": {
			"2": {
				"start": { "line": 3, "column": 0 },
				"end": { "line": 3, "column": 39 }
			},
			"3": {
				"start": { "line": 4, "column": 0 },
				"end": { "line": 4, "column": 14 }
			},
			"4": {
				"start": { "line": 5, "column": 0 },
				"end": { "line": 5, "column": 15 }
			},
			"5": {
				"start": { "line": 6, "column": 0 },
				"end": { "line": 6, "column": 22 }
			},
			"6": {
				"start": { "line": 7, "column": 0 },
				"end": { "line": 7, "column": 37 }
			},
			"7": {
				"start": { "line": 8, "column": 0 },
				"end": { "line": 8, "column": 18 }
			},
			"8": {
				"start": { "line": 9, "column": 0 },
				"end": { "line": 9, "column": 21 }
			},
			"9": {
				"start": { "line": 10, "column": 0 },
				"end": { "line": 10, "column": 21 }
			},
			"10": {
				"start": { "line": 11, "column": 0 },
				"end": { "line": 11, "column": 15 }
			},
			"11": {
				"start": { "line": 12, "column": 0 },
				"end": { "line": 12, "column": 22 }
			},
			"12": {
				"start": { "line": 13, "column": 0 },
				"end": { "line": 13, "column": 51 }
			},
			"13": {
				"start": { "line": 14, "column": 0 },
				"end": { "line": 14, "column": 35 }
			},
			"14": {
				"start": { "line": 15, "column": 0 },
				"end": { "line": 15, "column": 4 }
			},
			"15": {
				"start": { "line": 16, "column": 0 },
				"end": { "line": 16, "column": 3 }
			},
			"16": {
				"start": { "line": 17, "column": 0 },
				"end": { "line": 17, "column": 29 }
			},
			"17": {
				"start": { "line": 18, "column": 0 },
				"end": { "line": 18, "column": 4 }
			},
			"18": {
				"start": { "line": 19, "column": 0 },
				"end": { "line": 19, "column": 3 }
			},
			"19": {
				"start": { "line": 20, "column": 0 },
				"end": { "line": 20, "column": 1 }
			}
		},
		"s": {
			"2": 3,
			"3": 3,
			"4": 3,
			"5": 3,
			"6": 3,
			"7": 3,
			"8": 3,
			"9": 3,
			"10": 3,
			"11": 182,
			"12": 182,
			"13": 182,
			"14": 182,
			"15": 3,
			"16": 3,
			"17": 3,
			"18": 3,
			"19": 3
		},
		"branchMap": {
			"0": {
				"type": "branch",
				"line": 3,
				"loc": {
					"start": { "line": 3, "column": 0 },
					"end": { "line": 20, "column": 1 }
				},
				"locations": [
					{
						"start": { "line": 3, "column": 0 },
						"end": { "line": 20, "column": 1 }
					}
				]
			},
			"1": {
				"type": "branch",
				"line": 11,
				"loc": {
					"start": { "line": 11, "column": 2 },
					"end": { "line": 15, "column": 4 }
				},
				"locations": [
					{
						"start": { "line": 11, "column": 2 },
						"end": { "line": 15, "column": 4 }
					}
				]
			},
			"2": {
				"type": "branch",
				"line": 12,
				"loc": {
					"start": { "line": 12, "column": 15 },
					"end": { "line": 12, "column": 22 }
				},
				"locations": [
					{
						"start": { "line": 12, "column": 15 },
						"end": { "line": 12, "column": 22 }
					}
				]
			}
		},
		"b": { "0": [3], "1": [182], "2": [0] },
		"fnMap": {
			"0": {
				"name": "waitForJobStatus",
				"decl": {
					"start": { "line": 3, "column": 0 },
					"end": { "line": 20, "column": 1 }
				},
				"loc": {
					"start": { "line": 3, "column": 0 },
					"end": { "line": 20, "column": 1 }
				},
				"line": 3
			},
			"1": {
				"name": "vi.waitUntil.timeout",
				"decl": {
					"start": { "line": 11, "column": 2 },
					"end": { "line": 15, "column": 4 }
				},
				"loc": {
					"start": { "line": 11, "column": 2 },
					"end": { "line": 15, "column": 4 }
				},
				"line": 11
			}
		},
		"f": { "0": 3, "1": 182 }
	},
	"C:\\Users\\llewe\\Documents\\web\\projects\\mtb-races\\mtb-races-backend\\src\\types\\queue.type.ts": {
		"path": "C:\\Users\\llewe\\Documents\\web\\projects\\mtb-races\\mtb-races-backend\\src\\types\\queue.type.ts",
		"all": true,
		"statementMap": {},
		"s": {},
		"branchMap": {
			"0": {
				"type": "branch",
				"line": 1,
				"loc": {
					"start": { "line": 1, "column": 48 },
					"end": { "line": 1, "column": 48 }
				},
				"locations": [
					{
						"start": { "line": 1, "column": 48 },
						"end": { "line": 1, "column": 48 }
					}
				]
			}
		},
		"b": { "0": [1] },
		"fnMap": {
			"0": {
				"name": "(empty-report)",
				"decl": {
					"start": { "line": 1, "column": 48 },
					"end": { "line": 1, "column": 48 }
				},
				"loc": {
					"start": { "line": 1, "column": 48 },
					"end": { "line": 1, "column": 48 }
				},
				"line": 1
			}
		},
		"f": { "0": 1 }
	},
	"C:\\Users\\llewe\\Documents\\web\\projects\\mtb-races\\mtb-races-backend\\src\\types\\race.type.ts": {
		"path": "C:\\Users\\llewe\\Documents\\web\\projects\\mtb-races\\mtb-races-backend\\src\\types\\race.type.ts",
		"all": true,
		"statementMap": {},
		"s": {},
		"branchMap": {
			"0": {
				"type": "branch",
				"line": 1,
				"loc": {
					"start": { "line": 1, "column": 163 },
					"end": { "line": 7, "column": 2 }
				},
				"locations": [
					{
						"start": { "line": 1, "column": 163 },
						"end": { "line": 7, "column": 2 }
					}
				]
			}
		},
		"b": { "0": [1] },
		"fnMap": {
			"0": {
				"name": "(empty-report)",
				"decl": {
					"start": { "line": 1, "column": 163 },
					"end": { "line": 7, "column": 2 }
				},
				"loc": {
					"start": { "line": 1, "column": 163 },
					"end": { "line": 7, "column": 2 }
				},
				"line": 1
			}
		},
		"f": { "0": 1 }
	},
	"C:\\Users\\llewe\\Documents\\web\\projects\\mtb-races\\mtb-races-backend\\src\\types\\siEntries.type.ts": {
		"path": "C:\\Users\\llewe\\Documents\\web\\projects\\mtb-races\\mtb-races-backend\\src\\types\\siEntries.type.ts",
		"all": true,
		"statementMap": {},
		"s": {},
		"branchMap": {
			"0": {
				"type": "branch",
				"line": 1,
				"loc": {
					"start": { "line": 1, "column": 68 },
					"end": { "line": 4, "column": 2 }
				},
				"locations": [
					{
						"start": { "line": 1, "column": 68 },
						"end": { "line": 4, "column": 2 }
					}
				]
			}
		},
		"b": { "0": [1] },
		"fnMap": {
			"0": {
				"name": "(empty-report)",
				"decl": {
					"start": { "line": 1, "column": 68 },
					"end": { "line": 4, "column": 2 }
				},
				"loc": {
					"start": { "line": 1, "column": 68 },
					"end": { "line": 4, "column": 2 }
				},
				"line": 1
			}
		},
		"f": { "0": 1 }
	}
}
